Using pre-set license
Desktop is 1366 x 768 @ 60 Hz

 COMMAND LINE ARGUMENTS:
Unity
-adb2
-batchMode
-noUpm
-name
AssetImportWorker18
-projectPath
/home/papu/AR Alien Game
-logFile
Logs/AssetImportWorker18.log
-srvPort
42275
Successfully changed project path to: /home/papu/AR Alien Game
/home/papu/AR Alien Game
Using Asset Import Pipeline V2.
Unable to load player prefs
Refreshing native plugins compatible for Editor in 51,74 ms, found 0 plugins.
Preloading 0 native plugins for Editor in 0,00 ms.
Initialize engine version: 2020.3.10f1 (297d780c91bc)
[Subsystems] Discovering subsystems at path /home/papu/2020.3.10f1/Editor/Data/Resources/UnitySubsystems
[Subsystems] Discovering subsystems at path /home/papu/AR Alien Game/Assets
GLX Extensions: GLX_ARB_create_context GLX_ARB_create_context_no_error GLX_ARB_create_context_profile GLX_ARB_create_context_robustness GLX_ARB_fbconfig_float GLX_ARB_framebuffer_sRGB GLX_ARB_get_proc_address GLX_ARB_multisample GLX_EXT_buffer_age GLX_EXT_create_context_es2_profile GLX_EXT_create_context_es_profile GLX_EXT_fbconfig_packed_float GLX_EXT_framebuffer_sRGB GLX_EXT_import_context GLX_EXT_texture_from_pixmap GLX_EXT_visual_info GLX_EXT_visual_rating GLX_INTEL_swap_event GLX_MESA_copy_sub_buffer GLX_MESA_query_renderer GLX_MESA_swap_control GLX_OML_swap_method GLX_OML_sync_control GLX_SGIS_multisample GLX_SGIX_fbconfig GLX_SGIX_pbuffer GLX_SGIX_visual_select_group GLX_SGI_make_current_read GLX_SGI_swap_control GLX_SGI_video_sync 
Renderer: Mesa Intel(R) HD Graphics 5500 (BDW GT2)
Vendor:   Intel
Version:  4.6 (Core Profile) Mesa 20.2.6
GLES:     0
 GL_3DFX_texture_compression_FXT1 GL_AMD_conservative_depth GL_AMD_draw_buffers_blend GL_AMD_gpu_shader_int64 GL_AMD_multi_draw_indirect GL_AMD_performance_monitor GL_AMD_pinned_memory GL_AMD_query_buffer_object GL_AMD_seamless_cubemap_per_texture GL_AMD_shader_trinary_minmax GL_AMD_texture_texture4 GL_AMD_vertex_shader_layer GL_AMD_vertex_shader_viewport_index GL_ANGLE_texture_compression_dxt3 GL_ANGLE_texture_compression_dxt5 GL_ARB_ES2_compatibility GL_ARB_ES3_1_compatibility GL_ARB_ES3_2_compatibility GL_ARB_ES3_compatibility GL_ARB_arrays_of_arrays GL_ARB_base_instance GL_ARB_blend_func_extended GL_ARB_buffer_storage GL_ARB_clear_buffer_object GL_ARB_clear_texture GL_ARB_clip_control GL_ARB_compressed_texture_pixel_storage GL_ARB_compute_shader GL_ARB_compute_variable_group_size GL_ARB_conditional_render_inverted GL_ARB_conservative_depth GL_ARB_copy_buffer GL_ARB_copy_image GL_ARB_cull_distance GL_ARB_debug_output GL_ARB_depth_buffer_float GL_ARB_depth_clamp GL_ARB_derivative_control GL_ARB_direct_stat
e_access GL_ARB_draw_buffers GL_ARB_draw_buffers_blend GL_ARB_draw_elements_base_vertex GL_ARB_draw_indirect GL_ARB_draw_instanced GL_ARB_enhanced_layouts GL_ARB_explicit_attrib_location GL_ARB_explicit_uniform_location GL_ARB_fragment_coord_conventions GL_ARB_fragment_layer_viewport GL_ARB_fragment_shader GL_ARB_framebuffer_no_attachments GL_ARB_framebuffer_object GL_ARB_framebuffer_sRGB GL_ARB_get_program_binary GL_ARB_get_texture_sub_image GL_ARB_gl_spirv GL_ARB_gpu_shader5 GL_ARB_gpu_shader_fp64 GL_ARB_gpu_shader_int64 GL_ARB_half_float_pixel GL_ARB_half_float_vertex GL_ARB_indirect_parameters GL_ARB_instanced_arrays GL_ARB_internalformat_query GL_ARB_internalformat_query2 GL_ARB_invalidate_subdata GL_ARB_map_buffer_alignment GL_ARB_map_buffer_range GL_ARB_multi_bind GL_ARB_multi_draw_indirect GL_ARB_occlusion_query2 GL_ARB_parallel_shader_compile GL_ARB_pipeline_statistics_query GL_ARB_pixel_buffer_object GL_ARB_point_sprite GL_ARB_polygon_offset_clamp GL_ARB_program_interface_query GL_ARB_provoking_ver
tex GL_ARB_query_buffer_object GL_ARB_robust_buffer_access_behavior GL_ARB_robustness GL_ARB_sample_shading GL_ARB_sampler_objects GL_ARB_seamless_cube_map GL_ARB_seamless_cubemap_per_texture GL_ARB_separate_shader_objects GL_ARB_shader_atomic_counter_ops GL_ARB_shader_atomic_counters GL_ARB_shader_ballot GL_ARB_shader_bit_encoding GL_ARB_shader_clock GL_ARB_shader_draw_parameters GL_ARB_shader_group_vote GL_ARB_shader_image_load_store GL_ARB_shader_image_size GL_ARB_shader_objects GL_ARB_shader_precision GL_ARB_shader_storage_buffer_object GL_ARB_shader_subroutine GL_ARB_shader_texture_image_samples GL_ARB_shader_texture_lod GL_ARB_shader_viewport_layer_array GL_ARB_shading_language_420pack GL_ARB_shading_language_include GL_ARB_shading_language_packing GL_ARB_spirv_extensions GL_ARB_stencil_texturing GL_ARB_sync GL_ARB_tessellation_shader GL_ARB_texture_barrier GL_ARB_texture_buffer_object GL_ARB_texture_buffer_object_rgb32 GL_ARB_texture_buffer_range GL_ARB_texture_compression_bptc GL_ARB_texture_compress
ion_rgtc GL_ARB_texture_cube_map_array GL_ARB_texture_filter_anisotropic GL_ARB_texture_float GL_ARB_texture_gather GL_ARB_texture_mirror_clamp_to_edge GL_ARB_texture_multisample GL_ARB_texture_non_power_of_two GL_ARB_texture_query_levels GL_ARB_texture_query_lod GL_ARB_texture_rectangle GL_ARB_texture_rg GL_ARB_texture_rgb10_a2ui GL_ARB_texture_stencil8 GL_ARB_texture_storage GL_ARB_texture_storage_multisample GL_ARB_texture_swizzle GL_ARB_texture_view GL_ARB_timer_query GL_ARB_transform_feedback2 GL_ARB_transform_feedback3 GL_ARB_transform_feedback_instanced GL_ARB_transform_feedback_overflow_query GL_ARB_uniform_buffer_object GL_ARB_vertex_array_bgra GL_ARB_vertex_array_object GL_ARB_vertex_attrib_64bit GL_ARB_vertex_attrib_binding GL_ARB_vertex_buffer_object GL_ARB_vertex_shader GL_ARB_vertex_type_10f_11f_11f_rev GL_ARB_vertex_type_2_10_10_10_rev GL_ARB_viewport_array GL_ATI_blend_equation_separate GL_ATI_texture_float GL_EXT_EGL_image_storage GL_EXT_EGL_sync GL_EXT_abgr GL_EXT_blend_equation_separate GL
_EXT_demote_to_helper_invocation GL_EXT_draw_buffers2 GL_EXT_draw_instanced GL_EXT_framebuffer_blit GL_EXT_framebuffer_multisample GL_EXT_framebuffer_multisample_blit_scaled GL_EXT_framebuffer_object GL_EXT_framebuffer_sRGB GL_EXT_packed_depth_stencil GL_EXT_packed_float GL_EXT_pixel_buffer_object GL_EXT_polygon_offset_clamp GL_EXT_provoking_vertex GL_EXT_shader_framebuffer_fetch_non_coherent GL_EXT_shader_integer_mix GL_EXT_shader_samples_identical GL_EXT_texture_array GL_EXT_texture_compression_dxt1 GL_EXT_texture_compression_rgtc GL_EXT_texture_compression_s3tc GL_EXT_texture_filter_anisotropic GL_EXT_texture_integer GL_EXT_texture_sRGB GL_EXT_texture_sRGB_R8 GL_EXT_texture_sRGB_decode GL_EXT_texture_shadow_lod GL_EXT_texture_shared_exponent GL_EXT_texture_snorm GL_EXT_texture_swizzle GL_EXT_timer_query GL_EXT_transform_feedback GL_EXT_vertex_array_bgra GL_EXT_vertex_attrib_64bit GL_IBM_multimode_draw_arrays GL_INTEL_blackhole_render GL_INTEL_performance_query GL_INTEL_shader_integer_functions2 GL_KHR_ble
nd_equation_advanced GL_KHR_context_flush_control GL_KHR_debug GL_KHR_no_error GL_KHR_parallel_shader_compile GL_KHR_robust_buffer_access_behavior GL_KHR_robustness GL_KHR_texture_compression_astc_ldr GL_KHR_texture_compression_astc_sliced_3d GL_MESA_framebuffer_flip_y GL_MESA_pack_invert GL_MESA_shader_integer_functions GL_MESA_texture_signed_rgba GL_NV_compute_shader_derivatives GL_NV_conditional_render GL_NV_copy_image GL_NV_depth_clamp GL_NV_packed_depth_stencil GL_NV_texture_barrier GL_OES_EGL_image GL_S3_s3tc
OPENGL LOG: Creating OpenGL 4.6 graphics device ; Context level  <OpenGL 4.5> ; Context handle -1798484160
Initialize mono
Mono path[0] = '/home/papu/2020.3.10f1/Editor/Data/Managed'
Mono path[1] = '/home/papu/2020.3.10f1/Editor/Data/MonoBleedingEdge/lib/mono/unityjit'
Mono config path = '/home/papu/2020.3.10f1/Editor/Data/MonoBleedingEdge/etc'
Using monoOptions --debugger-agent=transport=dt_socket,embedding=1,server=y,suspend=n,address=127.0.0.1:56193
Begin MonoManager ReloadAssembly
Registering precompiled unity dll's ...
Register platform support module: /home/papu/2020.3.10f1/Editor/Data/PlaybackEngines/WindowsStandaloneSupport/UnityEditor.WindowsStandalone.Extensions.dll
Register platform support module: /home/papu/2020.3.10f1/Editor/Data/PlaybackEngines/LinuxStandaloneSupport/UnityEditor.LinuxStandalone.Extensions.dll
Registered in 0,001625 seconds.
Native extension for LinuxStandalone target not found
Native extension for WindowsStandalone target not found
Refreshing native plugins compatible for Editor in 46,42 ms, found 0 plugins.
Preloading 0 native plugins for Editor in 0,00 ms.
Mono: successfully reloaded assembly
- Completed reload, in  2,071 seconds
Platform modules already initialized, skipping
Registering precompiled user dll's ...
Registered in 0,003140 seconds.
Begin MonoManager ReloadAssembly
Native extension for LinuxStandalone target not found
Native extension for WindowsStandalone target not found
Refreshing native plugins compatible for Editor in 40,30 ms, found 0 plugins.
Preloading 0 native plugins for Editor in 0,00 ms.
Mono: successfully reloaded assembly
- Completed reload, in  7,330 seconds
Platform modules already initialized, skipping
========================================================================
Worker process is ready to serve import requests
Launched and connected shader compiler UnityShaderCompiler after 1.31 seconds
Refreshing native plugins compatible for Editor in 0,69 ms, found 0 plugins.
Preloading 0 native plugins for Editor in 0,00 ms.
Unloading 1808 Unused Serialized files (Serialized files now loaded: 0)
System memory in use before: 72,4 MB.
System memory in use after: 72,4 MB.

Unloading 21 unused Assets to reduce memory usage. Loaded Objects now: 2241.
Total: 6,645337 ms (FindLiveObjects: 0,259490 ms CreateObjectMapping: 0,092532 ms MarkObjects: 5,854622 ms  DeleteObjects: 0,433926 ms)

========================================================================
Received Import Request.
  path: Assets/Spawn.cs
  artifactKey: Guid(ff8f2a3a36cad4cada40d8fabb09849d) Importer(815301076,1909f56bfc062723c751e8b465ee728b)
Start importing Assets/Spawn.cs using Guid(ff8f2a3a36cad4cada40d8fabb09849d) Importer(815301076,1909f56bfc062723c751e8b465ee728b)  -> (artifact id: '4484cea868465c07f200188c92a96a63') in 0,180156 seconds
  Import took 0,191957 seconds .

========================================================================
Received Prepare
Registering precompiled user dll's ...
Registered in 0,162401 seconds.
Begin MonoManager ReloadAssembly
Native extension for LinuxStandalone target not found
Native extension for WindowsStandalone target not found
Refreshing native plugins compatible for Editor in 0,60 ms, found 0 plugins.
Preloading 0 native plugins for Editor in 0,00 ms.
Mono: successfully reloaded assembly
- Completed reload, in  2,502 seconds
Platform modules already initialized, skipping
Switching build target platform(24) subTarget(0) extendedPlatform(0) -> platform(13) subTarget(537395200) extendedPlatform(0)
Refreshing native plugins compatible for Editor in 0,50 ms, found 0 plugins.
Preloading 0 native plugins for Editor in 0,00 ms.
Unloading 1800 Unused Serialized files (Serialized files now loaded: 0)
System memory in use before: 72,0 MB.
System memory in use after: 72,0 MB.

Unloading 16 unused Assets to reduce memory usage. Loaded Objects now: 2245.
Total: 5,817833 ms (FindLiveObjects: 0,586780 ms CreateObjectMapping: 0,135603 ms MarkObjects: 4,782161 ms  DeleteObjects: 0,309207 ms)

AssetImportParameters requested are different than current active one (requested -> active):
  custom:graphics/normal-map-encoding: 01000000000000000000000000000000 -> 02000000000000000000000000000000
========================================================================
Received Prepare
Refreshing native plugins compatible for Editor in 3,01 ms, found 0 plugins.
Preloading 0 native plugins for Editor in 0,00 ms.
Unloading 13 Unused Serialized files (Serialized files now loaded: 0)
System memory in use before: 36,2 MB.
System memory in use after: 36,2 MB.

Unloading 13 unused Assets to reduce memory usage. Loaded Objects now: 2245.
Total: 3,195013 ms (FindLiveObjects: 0,185319 ms CreateObjectMapping: 0,060899 ms MarkObjects: 2,838487 ms  DeleteObjects: 0,108612 ms)

========================================================================
Received Import Request.
  Time since last request: 186,321673 seconds.
  path: Assets/Spawn.cs
  artifactKey: Guid(ff8f2a3a36cad4cada40d8fabb09849d) Importer(815301076,1909f56bfc062723c751e8b465ee728b)
Start importing Assets/Spawn.cs using Guid(ff8f2a3a36cad4cada40d8fabb09849d) Importer(815301076,1909f56bfc062723c751e8b465ee728b)  -> (artifact id: '2f7e5056b73200a26ae5bc0681c13a0a') in 0,024229 seconds
  Import took 0,028746 seconds .

========================================================================
Received Import Request.
  Time since last request: 23,816439 seconds.
  path: Assets/Spawn.cs
  artifactKey: Guid(ff8f2a3a36cad4cada40d8fabb09849d) Importer(815301076,1909f56bfc062723c751e8b465ee728b)
Start importing Assets/Spawn.cs using Guid(ff8f2a3a36cad4cada40d8fabb09849d) Importer(815301076,1909f56bfc062723c751e8b465ee728b)  -> (artifact id: 'cbb6b91424189cab8a231a60d07f82ef') in 0,001266 seconds
  Import took 0,005636 seconds .

========================================================================
Received Import Request.
  Time since last request: 2,745222 seconds.
  path: Assets
  artifactKey: Guid(00000000000000001000000000000000) Importer(815301076,1909f56bfc062723c751e8b465ee728b)
Start importing Assets using Guid(00000000000000001000000000000000) Importer(815301076,1909f56bfc062723c751e8b465ee728b)  -> (artifact id: '42d402b061de3733987d63b9cc3b64de') in 0,001576 seconds
  Import took 0,006846 seconds .

========================================================================
Received Import Request.
  Time since last request: 7,933691 seconds.
  path: Assets/Balloon.cs
  artifactKey: Guid(fac9150ce1e02b559a78e84ac99c40f9) Importer(815301076,1909f56bfc062723c751e8b465ee728b)
Start importing Assets/Balloon.cs using Guid(fac9150ce1e02b559a78e84ac99c40f9) Importer(815301076,1909f56bfc062723c751e8b465ee728b)  -> (artifact id: '0bf61fda784f5734f63ef8c732979eb9') in 0,001682 seconds
  Import took 0,005509 seconds .

========================================================================
Received Import Request.
  Time since last request: 0,004741 seconds.
  path: Assets/Balloon.cs
  artifactKey: Guid(fac9150ce1e02b559a78e84ac99c40f9) Importer(815301076,1909f56bfc062723c751e8b465ee728b)
Start importing Assets/Balloon.cs using Guid(fac9150ce1e02b559a78e84ac99c40f9) Importer(815301076,1909f56bfc062723c751e8b465ee728b)  -> (artifact id: '0bf61fda784f5734f63ef8c732979eb9') in 0,005376 seconds
  Import took 0,011288 seconds .

========================================================================
Received Import Request.
  Time since last request: 1,365686 seconds.
  path: Assets/Sounds
  artifactKey: Guid(7ca2eba8e71f40f4b94677958b6dba86) Importer(815301076,1909f56bfc062723c751e8b465ee728b)
Start importing Assets/Sounds using Guid(7ca2eba8e71f40f4b94677958b6dba86) Importer(815301076,1909f56bfc062723c751e8b465ee728b)  -> (artifact id: 'cd4089c3a394d6aeba2756b0d62cd419') in 0,001889 seconds
  Import took 0,008327 seconds .

========================================================================
Received Import Request.
  Time since last request: 7,579173 seconds.
  path: Assets/Sounds/balloon pop.mp3
  artifactKey: Guid(8712833106dafdb7cbb48699f70504fa) Importer(815301076,1909f56bfc062723c751e8b465ee728b)
Start importing Assets/Sounds/balloon pop.mp3 using Guid(8712833106dafdb7cbb48699f70504fa) Importer(815301076,1909f56bfc062723c751e8b465ee728b)  -> (artifact id: '508af52a75258d0ca7f0dff91fcb7540') in 1,940696 seconds
  Import took 1,944209 seconds .

========================================================================
Received Import Request.
  Time since last request: 0,558054 seconds.
  path: Assets/Sounds/Shoot.cs
  artifactKey: Guid(180e076902f93ef448f7d6724c2fc22b) Importer(815301076,1909f56bfc062723c751e8b465ee728b)
Start importing Assets/Sounds/Shoot.cs using Guid(180e076902f93ef448f7d6724c2fc22b) Importer(815301076,1909f56bfc062723c751e8b465ee728b)  -> (artifact id: 'f6c3b575e309ae6a70e278c8f2b29799') in 0,002635 seconds
  Import took 0,007333 seconds .

========================================================================
Received Import Request.
  Time since last request: 6,277600 seconds.
  path: Assets/Images/Aim.png
  artifactKey: Guid(8b3dfc0ec00124fcdb03229055d84cf2) Importer(815301076,1909f56bfc062723c751e8b465ee728b)
Start importing Assets/Images/Aim.png using Guid(8b3dfc0ec00124fcdb03229055d84cf2) Importer(815301076,1909f56bfc062723c751e8b465ee728b)  -> (artifact id: 'a8c427b971321fa74b8a4f166c22523a') in 0,125841 seconds
  Import took 0,130731 seconds .

========================================================================
Received Import Request.
  Time since last request: 0,000207 seconds.
  path: Assets/Images/ShootButton_Img.png
  artifactKey: Guid(609c801bb5d651e6cb91ca6799c990d7) Importer(815301076,1909f56bfc062723c751e8b465ee728b)
Start importing Assets/Images/ShootButton_Img.png using Guid(609c801bb5d651e6cb91ca6799c990d7) Importer(815301076,1909f56bfc062723c751e8b465ee728b)  -> (artifact id: 'b520e31e37f754306268d43c35bd438b') in 0,006035 seconds
  Import took 0,010055 seconds .

========================================================================
Received Import Request.
  Time since last request: 2,837765 seconds.
  path: Assets/Smoke/ParticleCloudWhite.png
  artifactKey: Guid(5b303ff28ad9368468a2edd759cf458d) Importer(815301076,1909f56bfc062723c751e8b465ee728b)
Start importing Assets/Smoke/ParticleCloudWhite.png using Guid(5b303ff28ad9368468a2edd759cf458d) Importer(815301076,1909f56bfc062723c751e8b465ee728b)  -> (artifact id: 'ba3bd12bf4c6d6a523930d810aa871d0') in 0,004511 seconds
  Import took 0,114750 seconds .

========================================================================
Received Import Request.
  Time since last request: 0,000241 seconds.
  path: Assets/Smoke/ParticleSmokeWhite.mat
  artifactKey: Guid(c50d77affeb31e14c9c062c282f13fc8) Importer(815301076,1909f56bfc062723c751e8b465ee728b)
Start importing Assets/Smoke/ParticleSmokeWhite.mat using Guid(c50d77affeb31e14c9c062c282f13fc8) Importer(815301076,1909f56bfc062723c751e8b465ee728b)  -> (artifact id: 'e14c34ef01e761e6235aefd3fa860a03') in 3,304733 seconds
  Import took 3,310111 seconds .

========================================================================
Received Import Request.
  Time since last request: 0,000234 seconds.
  path: Assets/Smoke/Smoke.prefab
  artifactKey: Guid(1b9f4316433b24e92be0a740990a1e4d) Importer(815301076,1909f56bfc062723c751e8b465ee728b)
Start importing Assets/Smoke/Smoke.prefab using Guid(1b9f4316433b24e92be0a740990a1e4d) Importer(815301076,1909f56bfc062723c751e8b465ee728b)  -> (artifact id: '770af3ac1dbd8c9895ba40d0e341e357') in 0,548062 seconds
  Import took 0,551635 seconds .

========================================================================
Received Prepare
Registering precompiled user dll's ...
Registered in 0,183875 seconds.
Begin MonoManager ReloadAssembly
Native extension for LinuxStandalone target not found
Native extension for WindowsStandalone target not found
Refreshing native plugins compatible for Editor in 0,46 ms, found 0 plugins.
Preloading 0 native plugins for Editor in 0,00 ms.
Mono: successfully reloaded assembly
- Completed reload, in  1,758 seconds
Platform modules already initialized, skipping
Switching build target platform(24) subTarget(0) extendedPlatform(0) -> platform(13) subTarget(537395200) extendedPlatform(0)
Refreshing native plugins compatible for Editor in 0,50 ms, found 0 plugins.
Preloading 0 native plugins for Editor in 0,00 ms.
Unloading 1802 Unused Serialized files (Serialized files now loaded: 0)
System memory in use before: 73,7 MB.
System memory in use after: 73,7 MB.

Unloading 16 unused Assets to reduce memory usage. Loaded Objects now: 2295.
Total: 360,625765 ms (FindLiveObjects: 0,501580 ms CreateObjectMapping: 0,180790 ms MarkObjects: 359,794763 ms  DeleteObjects: 0,143998 ms)

AssetImportParameters requested are different than current active one (requested -> active):
  custom:graphics/normal-map-encoding: 01000000000000000000000000000000 -> 02000000000000000000000000000000
========================================================================
Received Import Request.
  Time since last request: 405,926006 seconds.
  path: Assets/Balloon.cs
  artifactKey: Guid(fac9150ce1e02b559a78e84ac99c40f9) Importer(815301076,1909f56bfc062723c751e8b465ee728b)
Start importing Assets/Balloon.cs using Guid(fac9150ce1e02b559a78e84ac99c40f9) Importer(815301076,1909f56bfc062723c751e8b465ee728b)  -> (artifact id: '52124b007ea10a672c2623e0ff9097a0') in 0,042128 seconds
  Import took 0,142112 seconds .

========================================================================
Received Import Request.
  Time since last request: 8,711146 seconds.
  path: Assets/Shoot.cs
  artifactKey: Guid(c50b25d3746a1f2b7b202103c44400bb) Importer(815301076,1909f56bfc062723c751e8b465ee728b)
Start importing Assets/Shoot.cs using Guid(c50b25d3746a1f2b7b202103c44400bb) Importer(815301076,1909f56bfc062723c751e8b465ee728b)  -> (artifact id: '2f1a1bb455bb4df690fc9e79bddd2591') in 0,002099 seconds
  Import took 0,006265 seconds .

========================================================================
Received Import Request.
  Time since last request: 5,676510 seconds.
  path: Assets/Spawn.cs
  artifactKey: Guid(ff8f2a3a36cad4cada40d8fabb09849d) Importer(815301076,1909f56bfc062723c751e8b465ee728b)
Start importing Assets/Spawn.cs using Guid(ff8f2a3a36cad4cada40d8fabb09849d) Importer(815301076,1909f56bfc062723c751e8b465ee728b)  -> (artifact id: '9e8ab91094b4b3f09684c21e7189998e') in 0,051385 seconds
  Import took 0,057413 seconds .

========================================================================
Received Import Request.
  Time since last request: 146,649467 seconds.
  path: Assets/Shoot.cs
  artifactKey: Guid(c50b25d3746a1f2b7b202103c44400bb) Importer(815301076,1909f56bfc062723c751e8b465ee728b)
Start importing Assets/Shoot.cs using Guid(c50b25d3746a1f2b7b202103c44400bb) Importer(815301076,1909f56bfc062723c751e8b465ee728b)  -> (artifact id: '9009f1dec9e657a0fd6794e8c734a287') in 0,002048 seconds
  Import took 0,069823 seconds .

========================================================================
Received Import Request.
  Time since last request: 25,257039 seconds.
  path: Assets/Scripts
  artifactKey: Guid(23fe57e5efdbce616af85bc1c13d7c7b) Importer(815301076,1909f56bfc062723c751e8b465ee728b)
Start importing Assets/Scripts using Guid(23fe57e5efdbce616af85bc1c13d7c7b) Importer(815301076,1909f56bfc062723c751e8b465ee728b)  -> (artifact id: '6fe1f8702767a11bdaed9a3b6bccc090') in 0,003342 seconds
  Import took 0,074471 seconds .

========================================================================
Received Import Request.
  Time since last request: 85,263408 seconds.
  path: Assets/Images
  artifactKey: Guid(1f59a9d00ddfc48468faed3307cf3293) Importer(815301076,1909f56bfc062723c751e8b465ee728b)
Start importing Assets/Images using Guid(1f59a9d00ddfc48468faed3307cf3293) Importer(815301076,1909f56bfc062723c751e8b465ee728b)  -> (artifact id: '1ccc21908f23876854e6ca6aad28517b') in 0,032779 seconds
  Import took 0,096777 seconds .

========================================================================
Received Import Request.
  Time since last request: 9,481160 seconds.
  path: Assets/Images/New Material.mat
  artifactKey: Guid(be8a136cf87698118a8182f3b6371b47) Importer(815301076,1909f56bfc062723c751e8b465ee728b)
Start importing Assets/Images/New Material.mat using Guid(be8a136cf87698118a8182f3b6371b47) Importer(815301076,1909f56bfc062723c751e8b465ee728b)  -> (artifact id: '65387af80c1e00d946892491057924bd') in 2,971577 seconds
  Import took 3,090139 seconds .

========================================================================
Received Import Request.
  Time since last request: 76,126850 seconds.
  path: Assets/Images/shootButton.mat
  artifactKey: Guid(6717970a9b3ee1ab09999ea53212ecb7) Importer(815301076,1909f56bfc062723c751e8b465ee728b)
Start importing Assets/Images/shootButton.mat using Guid(6717970a9b3ee1ab09999ea53212ecb7) Importer(815301076,1909f56bfc062723c751e8b465ee728b)  -> (artifact id: 'fdc2b98b15a0981f3ede4d640b70e0ca') in 0,013946 seconds
  Import took 0,022820 seconds .

========================================================================
Received Import Request.
  Time since last request: 33,864346 seconds.
  path: Packages/com.unity.xr.arcore
  artifactKey: Guid(b5535c8cdad0b403484acc25f137f8ed) Importer(815301076,1909f56bfc062723c751e8b465ee728b)
Start importing Packages/com.unity.xr.arcore using Guid(b5535c8cdad0b403484acc25f137f8ed) Importer(815301076,1909f56bfc062723c751e8b465ee728b)  -> (artifact id: '16841cb48bcb033d0561fd23175d4d41') in 0,370574 seconds
  Import took 0,376484 seconds .

========================================================================
Received Import Request.
  Time since last request: 145,753530 seconds.
  path: Assets/Images/aim.mat
  artifactKey: Guid(16a8b59ac8cc156708749a849930efc5) Importer(815301076,1909f56bfc062723c751e8b465ee728b)
Start importing Assets/Images/aim.mat using Guid(16a8b59ac8cc156708749a849930efc5) Importer(815301076,1909f56bfc062723c751e8b465ee728b)  -> (artifact id: '2661b57681d527dc005f6249d4e30fbd') in 0,040703 seconds
  Import took 0,077488 seconds .

========================================================================
Received Import Request.
  Time since last request: 73,563578 seconds.
  path: Assets/Images/aim.mat
  artifactKey: Guid(16a8b59ac8cc156708749a849930efc5) Importer(815301076,1909f56bfc062723c751e8b465ee728b)
Start importing Assets/Images/aim.mat using Guid(16a8b59ac8cc156708749a849930efc5) Importer(815301076,1909f56bfc062723c751e8b465ee728b)  -> (artifact id: '0f6b2358036d94861c9fbd9f372eb659') in 1,225607 seconds
  Import took 1,253946 seconds .

========================================================================
Received Import Request.
  Time since last request: 0,000264 seconds.
  path: Assets/Images/shootButton.mat
  artifactKey: Guid(6717970a9b3ee1ab09999ea53212ecb7) Importer(815301076,1909f56bfc062723c751e8b465ee728b)
Start importing Assets/Images/shootButton.mat using Guid(6717970a9b3ee1ab09999ea53212ecb7) Importer(815301076,1909f56bfc062723c751e8b465ee728b)  -> (artifact id: 'cc359d52d862dc23bda94bb428d0308e') in 0,398157 seconds
  Import took 0,447040 seconds .

========================================================================
Received Import Request.
  Time since last request: 49,111453 seconds.
  path: Assets/Items/Balloon Materials/blue.mat
  artifactKey: Guid(4789f45d61d0b45a7a3614ac9d5d751b) Importer(815301076,1909f56bfc062723c751e8b465ee728b)
Start importing Assets/Items/Balloon Materials/blue.mat using Guid(4789f45d61d0b45a7a3614ac9d5d751b) Importer(815301076,1909f56bfc062723c751e8b465ee728b)  -> (artifact id: 'e07929e256421f0baebf197f10b290d1') in 0,088441 seconds
  Import took 0,164497 seconds .

========================================================================
Received Import Request.
  Time since last request: 0,000283 seconds.
  path: Assets/Items/Balloon Materials/string.png
  artifactKey: Guid(2660b0e9517d1489dac415178a408ed9) Importer(815301076,1909f56bfc062723c751e8b465ee728b)
Start importing Assets/Items/Balloon Materials/string.png using Guid(2660b0e9517d1489dac415178a408ed9) Importer(815301076,1909f56bfc062723c751e8b465ee728b)  -> (artifact id: '4eb653bd91d872ecf76d99078abf2773') in 0,227638 seconds
  Import took 0,274724 seconds .

========================================================================
Received Import Request.
  Time since last request: 0,000512 seconds.
  path: Assets/Items/Balloon Materials/yellow.mat
  artifactKey: Guid(5dd62777f193a44eba33bf340976f38d) Importer(815301076,1909f56bfc062723c751e8b465ee728b)
Start importing Assets/Items/Balloon Materials/yellow.mat using Guid(5dd62777f193a44eba33bf340976f38d) Importer(815301076,1909f56bfc062723c751e8b465ee728b)  -> (artifact id: '044dc375cb6d82c913ce6272a4ea8768') in 0,038931 seconds
  Import took 0,073330 seconds .

========================================================================
Received Import Request.
  Time since last request: 0,000319 seconds.
  path: Assets/Items/Balloon Materials/string.mat
  artifactKey: Guid(afd18e56202c14fe89b556c8c742f6a7) Importer(815301076,1909f56bfc062723c751e8b465ee728b)
Start importing Assets/Items/Balloon Materials/string.mat using Guid(afd18e56202c14fe89b556c8c742f6a7) Importer(815301076,1909f56bfc062723c751e8b465ee728b)  -> (artifact id: '043ea34f5119e8c15332b75fc7577326') in 0,046424 seconds
  Import took 0,051738 seconds .

========================================================================
Received Import Request.
  Time since last request: 0,000299 seconds.
  path: Assets/Items/Balloon Materials/red.mat
  artifactKey: Guid(203422fec566e498b8aa01a4cd760337) Importer(815301076,1909f56bfc062723c751e8b465ee728b)
Start importing Assets/Items/Balloon Materials/red.mat using Guid(203422fec566e498b8aa01a4cd760337) Importer(815301076,1909f56bfc062723c751e8b465ee728b)  -> (artifact id: 'b5a828d0c32c7eee789b33a8d82d5de6') in 0,037837 seconds
  Import took 0,044325 seconds .

========================================================================
Received Import Request.
  Time since last request: 0,009177 seconds.
  path: Assets/Items/Balloon Materials/red.mat
  artifactKey: Guid(203422fec566e498b8aa01a4cd760337) Importer(815301076,1909f56bfc062723c751e8b465ee728b)
Start importing Assets/Items/Balloon Materials/red.mat using Guid(203422fec566e498b8aa01a4cd760337) Importer(815301076,1909f56bfc062723c751e8b465ee728b)  -> (artifact id: 'b5a828d0c32c7eee789b33a8d82d5de6') in 0,007585 seconds
  Import took 0,013496 seconds .

========================================================================
Received Import Request.
  Time since last request: 1,641859 seconds.
  path: Assets/Items/Models/Balloon_Blue.fbx
  artifactKey: Guid(2b41056c0bf034f3982c88e47da6c313) Importer(815301076,1909f56bfc062723c751e8b465ee728b)
Start importing Assets/Items/Models/Balloon_Blue.fbx using Guid(2b41056c0bf034f3982c88e47da6c313) Importer(815301076,1909f56bfc062723c751e8b465ee728b)  -> (artifact id: '018fe53012d7093be614f53dc3a8dbdd') in 3,415114 seconds
  Import took 3,419452 seconds .

========================================================================
Received Import Request.
  Time since last request: 0,000342 seconds.
  path: Assets/Items/Prefabs/balloon2.prefab
  artifactKey: Guid(9a294644b277347a081ed92a8408399e) Importer(815301076,1909f56bfc062723c751e8b465ee728b)
Start importing Assets/Items/Prefabs/balloon2.prefab using Guid(9a294644b277347a081ed92a8408399e) Importer(815301076,1909f56bfc062723c751e8b465ee728b)  -> (artifact id: 'd6e942348349837b0f7c8434e4605955') in 0,286468 seconds
  Import took 0,293443 seconds .

========================================================================
Received Import Request.
  Time since last request: 0,000311 seconds.
  path: Assets/Items/Prefabs/balloon3.prefab
  artifactKey: Guid(bdf6eeb1b216c410c8f80921076cfe27) Importer(815301076,1909f56bfc062723c751e8b465ee728b)
Start importing Assets/Items/Prefabs/balloon3.prefab using Guid(bdf6eeb1b216c410c8f80921076cfe27) Importer(815301076,1909f56bfc062723c751e8b465ee728b)  -> (artifact id: 'da801d4193b101214517987bc45508d5') in 0,106617 seconds
  Import took 0,112600 seconds .

========================================================================
Received Import Request.
  Time since last request: 0,000246 seconds.
  path: Assets/Items/Prefabs/balloon1.prefab
  artifactKey: Guid(cb584ef685d16436d9e0e318f8ef950e) Importer(815301076,1909f56bfc062723c751e8b465ee728b)
Start importing Assets/Items/Prefabs/balloon1.prefab using Guid(cb584ef685d16436d9e0e318f8ef950e) Importer(815301076,1909f56bfc062723c751e8b465ee728b)  -> (artifact id: '3c9ad6418611af0bd65e310e660dfdcc') in 0,096764 seconds
  Import took 0,158936 seconds .

========================================================================
Received Import Request.
  Time since last request: 142,365333 seconds.
  path: Assets/XR/Loaders/AR Core Loader.asset
  artifactKey: Guid(3af644fda02d70aba990c0b31077026a) Importer(815301076,1909f56bfc062723c751e8b465ee728b)
Start importing Assets/XR/Loaders/AR Core Loader.asset using Guid(3af644fda02d70aba990c0b31077026a) Importer(815301076,1909f56bfc062723c751e8b465ee728b)  -> (artifact id: '964fb5be6f8bcf451c402bc62c11c434') in 0,145424 seconds
  Import took 0,185650 seconds .

========================================================================
Received Import Request.
  Time since last request: 0,000308 seconds.
  path: Assets/XR/Settings/AR Core Settings.asset
  artifactKey: Guid(154e922829aae8a7ba6dc2cad16fc1d8) Importer(815301076,1909f56bfc062723c751e8b465ee728b)
Start importing Assets/XR/Settings/AR Core Settings.asset using Guid(154e922829aae8a7ba6dc2cad16fc1d8) Importer(815301076,1909f56bfc062723c751e8b465ee728b)  -> (artifact id: 'a3983a70899c4492465632e1c24e422b') in 0,056116 seconds
  Import took 0,158784 seconds .

========================================================================
Received Import Request.
  Time since last request: 0,000261 seconds.
  path: Assets/XR/Loaders/AR Kit Loader.asset
  artifactKey: Guid(0a4f959cb63e6542d88db23dc0d54e47) Importer(815301076,1909f56bfc062723c751e8b465ee728b)
Start importing Assets/XR/Loaders/AR Kit Loader.asset using Guid(0a4f959cb63e6542d88db23dc0d54e47) Importer(815301076,1909f56bfc062723c751e8b465ee728b)  -> (artifact id: 'a58d28ebaad86b3e1d569772bb0095d6') in 0,064182 seconds
  Import took 0,070729 seconds .

========================================================================
Received Import Request.
  Time since last request: 0,000293 seconds.
  path: Assets/XR/Settings/AR Kit Settings.asset
  artifactKey: Guid(9c2a5a2897b7dc54eb85dc28317b7362) Importer(815301076,1909f56bfc062723c751e8b465ee728b)
Start importing Assets/XR/Settings/AR Kit Settings.asset using Guid(9c2a5a2897b7dc54eb85dc28317b7362) Importer(815301076,1909f56bfc062723c751e8b465ee728b)  -> (artifact id: '2dcf76dbad80bbc4532478e75c2d855b') in 0,190341 seconds
  Import took 0,194803 seconds .

========================================================================
Received Import Request.
  Time since last request: 0,009680 seconds.
  path: Assets/XR/Settings/AR Kit Settings.asset
  artifactKey: Guid(9c2a5a2897b7dc54eb85dc28317b7362) Importer(815301076,1909f56bfc062723c751e8b465ee728b)
Start importing Assets/XR/Settings/AR Kit Settings.asset using Guid(9c2a5a2897b7dc54eb85dc28317b7362) Importer(815301076,1909f56bfc062723c751e8b465ee728b)  -> (artifact id: '2dcf76dbad80bbc4532478e75c2d855b') in 0,001884 seconds
  Import took 0,006040 seconds .

========================================================================
Received Import Request.
  Time since last request: 37,165468 seconds.
  path: Assets/Scripts/ShootScript.cs
  artifactKey: Guid(c50b25d3746a1f2b7b202103c44400bb) Importer(815301076,1909f56bfc062723c751e8b465ee728b)
Start importing Assets/Scripts/ShootScript.cs using Guid(c50b25d3746a1f2b7b202103c44400bb) Importer(815301076,1909f56bfc062723c751e8b465ee728b)  -> (artifact id: '29bda0b8614e420fbb93079b606bada4') in 0,001639 seconds
  Import took 0,095421 seconds .

========================================================================
Received Import Request.
  Time since last request: 41,029694 seconds.
  path: Assets/Scripts/ShootScript.cs
  artifactKey: Guid(c50b25d3746a1f2b7b202103c44400bb) Importer(815301076,1909f56bfc062723c751e8b465ee728b)
Start importing Assets/Scripts/ShootScript.cs using Guid(c50b25d3746a1f2b7b202103c44400bb) Importer(815301076,1909f56bfc062723c751e8b465ee728b)  -> (artifact id: 'f84d8717702b9fae32f43061ba5f1834') in 0,001936 seconds
  Import took 0,006187 seconds .

========================================================================
Received Prepare
Registering precompiled user dll's ...
Registered in 0,306345 seconds.
Begin MonoManager ReloadAssembly
Native extension for LinuxStandalone target not found
Native extension for WindowsStandalone target not found
Refreshing native plugins compatible for Editor in 0,74 ms, found 0 plugins.
Preloading 0 native plugins for Editor in 0,00 ms.
Mono: successfully reloaded assembly
- Completed reload, in  2,115 seconds
Platform modules already initialized, skipping
Switching build target platform(24) subTarget(0) extendedPlatform(0) -> platform(13) subTarget(537395200) extendedPlatform(0)
Refreshing native plugins compatible for Editor in 1,15 ms, found 0 plugins.
Preloading 0 native plugins for Editor in 0,00 ms.
Unloading 1802 Unused Serialized files (Serialized files now loaded: 0)
System memory in use before: 73,9 MB.
System memory in use after: 74,0 MB.

Unloading 17 unused Assets to reduce memory usage. Loaded Objects now: 2305.
Total: 514,626701 ms (FindLiveObjects: 0,202690 ms CreateObjectMapping: 0,063747 ms MarkObjects: 514,109728 ms  DeleteObjects: 0,239280 ms)

AssetImportParameters requested are different than current active one (requested -> active):
  custom:graphics/normal-map-encoding: 01000000000000000000000000000000 -> 02000000000000000000000000000000
========================================================================
Received Import Request.
  Time since last request: 242,850467 seconds.
  path: Assets/Items/Prefabs/balloon1.prefab
  artifactKey: Guid(cb584ef685d16436d9e0e318f8ef950e) Importer(815301076,1909f56bfc062723c751e8b465ee728b)
Start importing Assets/Items/Prefabs/balloon1.prefab using Guid(cb584ef685d16436d9e0e318f8ef950e) Importer(815301076,1909f56bfc062723c751e8b465ee728b)  -> (artifact id: '78806e5435383aa5fd2b12f9a55e2997') in 5,927722 seconds
  Import took 6,291922 seconds .

========================================================================
Received Prepare
Registering precompiled user dll's ...
Registered in 0,002915 seconds.
Begin MonoManager ReloadAssembly
Native extension for LinuxStandalone target not found
Native extension for WindowsStandalone target not found
Refreshing native plugins compatible for Editor in 0,43 ms, found 0 plugins.
Preloading 0 native plugins for Editor in 0,00 ms.
Mono: successfully reloaded assembly
- Completed reload, in  1,204 seconds
Platform modules already initialized, skipping
Switching build target platform(24) subTarget(0) extendedPlatform(0) -> platform(13) subTarget(537395200) extendedPlatform(0)
Refreshing native plugins compatible for Editor in 0,42 ms, found 0 plugins.
Preloading 0 native plugins for Editor in 0,00 ms.
Unloading 1802 Unused Serialized files (Serialized files now loaded: 0)
System memory in use before: 74,0 MB.
System memory in use after: 74,0 MB.

Unloading 16 unused Assets to reduce memory usage. Loaded Objects now: 2310.
Total: 3,154701 ms (FindLiveObjects: 0,208740 ms CreateObjectMapping: 0,063523 ms MarkObjects: 2,771755 ms  DeleteObjects: 0,108513 ms)

AssetImportParameters requested are different than current active one (requested -> active):
  custom:graphics/normal-map-encoding: 01000000000000000000000000000000 -> 02000000000000000000000000000000
========================================================================
Received Prepare
Refreshing native plugins compatible for Editor in 1199,09 ms, found 0 plugins.
Preloading 0 native plugins for Editor in 0,00 ms.
Unloading 13 Unused Serialized files (Serialized files now loaded: 0)
System memory in use before: 38,1 MB.
System memory in use after: 38,2 MB.

Unloading 13 unused Assets to reduce memory usage. Loaded Objects now: 2310.
Total: 10,255584 ms (FindLiveObjects: 0,340768 ms CreateObjectMapping: 0,099594 ms MarkObjects: 9,462252 ms  DeleteObjects: 0,347453 ms)

========================================================================
Received Import Request.
  Time since last request: 1003,257927 seconds.
  path: Assets/Items/Prefabs/balloon2.prefab
  artifactKey: Guid(9a294644b277347a081ed92a8408399e) Importer(815301076,1909f56bfc062723c751e8b465ee728b)
Start importing Assets/Items/Prefabs/balloon2.prefab using Guid(9a294644b277347a081ed92a8408399e) Importer(815301076,1909f56bfc062723c751e8b465ee728b)  -> (artifact id: '455e01bec2c2b18ca3960ee85f92a492') in 5,200708 seconds
  Import took 5,253322 seconds .

========================================================================
Received Import Request.
  Time since last request: 10,850007 seconds.
  path: Assets/Items/Prefabs/balloon1.prefab
  artifactKey: Guid(cb584ef685d16436d9e0e318f8ef950e) Importer(815301076,1909f56bfc062723c751e8b465ee728b)
Start importing Assets/Items/Prefabs/balloon1.prefab using Guid(cb584ef685d16436d9e0e318f8ef950e) Importer(815301076,1909f56bfc062723c751e8b465ee728b)  -> (artifact id: 'e293da475567fe28d234e4d0256ac766') in 0,013869 seconds
  Import took 0,019597 seconds .

========================================================================
Received Import Request.
  Time since last request: 3,266666 seconds.
  path: Assets/Items/Prefabs/balloon1.prefab
  artifactKey: Guid(cb584ef685d16436d9e0e318f8ef950e) Importer(815301076,1909f56bfc062723c751e8b465ee728b)
Start importing Assets/Items/Prefabs/balloon1.prefab using Guid(cb584ef685d16436d9e0e318f8ef950e) Importer(815301076,1909f56bfc062723c751e8b465ee728b)  -> (artifact id: '1db4463226ab62dc5bc871f59626ca0a') in 0,011833 seconds
  Import took 0,019243 seconds .

========================================================================
Received Prepare
Registering precompiled user dll's ...
Registered in 0,124481 seconds.
Begin MonoManager ReloadAssembly
Native extension for LinuxStandalone target not found
Native extension for WindowsStandalone target not found
Refreshing native plugins compatible for Editor in 0,54 ms, found 0 plugins.
Preloading 0 native plugins for Editor in 0,00 ms.
Mono: successfully reloaded assembly
- Completed reload, in  2,265 seconds
Platform modules already initialized, skipping
Switching build target platform(24) subTarget(0) extendedPlatform(0) -> platform(13) subTarget(537395200) extendedPlatform(0)
Refreshing native plugins compatible for Editor in 1,30 ms, found 0 plugins.
Preloading 0 native plugins for Editor in 0,00 ms.
Unloading 1802 Unused Serialized files (Serialized files now loaded: 0)
System memory in use before: 74,0 MB.
System memory in use after: 74,0 MB.

Unloading 16 unused Assets to reduce memory usage. Loaded Objects now: 2315.
Total: 4,150923 ms (FindLiveObjects: 0,208841 ms CreateObjectMapping: 0,065405 ms MarkObjects: 3,630926 ms  DeleteObjects: 0,242255 ms)

AssetImportParameters requested are different than current active one (requested -> active):
  custom:graphics/normal-map-encoding: 01000000000000000000000000000000 -> 02000000000000000000000000000000
========================================================================
Received Prepare
Registering precompiled user dll's ...
Registered in 0,002883 seconds.
Begin MonoManager ReloadAssembly
Native extension for LinuxStandalone target not found
Native extension for WindowsStandalone target not found
Refreshing native plugins compatible for Editor in 0,50 ms, found 0 plugins.
Preloading 0 native plugins for Editor in 0,00 ms.
Mono: successfully reloaded assembly
- Completed reload, in  1,533 seconds
Platform modules already initialized, skipping
Switching build target platform(24) subTarget(0) extendedPlatform(0) -> platform(13) subTarget(537395200) extendedPlatform(0)
Refreshing native plugins compatible for Editor in 0,42 ms, found 0 plugins.
Preloading 0 native plugins for Editor in 0,00 ms.
Unloading 1802 Unused Serialized files (Serialized files now loaded: 0)
System memory in use before: 74,0 MB.
System memory in use after: 74,0 MB.

Unloading 16 unused Assets to reduce memory usage. Loaded Objects now: 2319.
Total: 4,151532 ms (FindLiveObjects: 0,244480 ms CreateObjectMapping: 0,081066 ms MarkObjects: 3,042531 ms  DeleteObjects: 0,781082 ms)

AssetImportParameters requested are different than current active one (requested -> active):
  custom:graphics/normal-map-encoding: 01000000000000000000000000000000 -> 02000000000000000000000000000000
========================================================================
Received Prepare
Registering precompiled user dll's ...
Registered in 0,006232 seconds.
Begin MonoManager ReloadAssembly
Native extension for LinuxStandalone target not found
Native extension for WindowsStandalone target not found
Refreshing native plugins compatible for Editor in 0,42 ms, found 0 plugins.
Preloading 0 native plugins for Editor in 0,00 ms.
Mono: successfully reloaded assembly
- Completed reload, in  1,591 seconds
Platform modules already initialized, skipping
Switching build target platform(24) subTarget(0) extendedPlatform(0) -> platform(13) subTarget(537395200) extendedPlatform(0)
Refreshing native plugins compatible for Editor in 1,12 ms, found 0 plugins.
Preloading 0 native plugins for Editor in 0,00 ms.
Unloading 1802 Unused Serialized files (Serialized files now loaded: 0)
System memory in use before: 74,0 MB.
System memory in use after: 74,0 MB.

Unloading 16 unused Assets to reduce memory usage. Loaded Objects now: 2323.
Total: 3,940779 ms (FindLiveObjects: 0,220995 ms CreateObjectMapping: 0,080276 ms MarkObjects: 3,491216 ms  DeleteObjects: 0,145824 ms)

AssetImportParameters requested are different than current active one (requested -> active):
  custom:graphics/normal-map-encoding: 01000000000000000000000000000000 -> 02000000000000000000000000000000
========================================================================
Received Prepare
Registering precompiled user dll's ...
Registered in 0,004912 seconds.
Begin MonoManager ReloadAssembly
Native extension for LinuxStandalone target not found
Native extension for WindowsStandalone target not found
Refreshing native plugins compatible for Editor in 0,44 ms, found 0 plugins.
Preloading 0 native plugins for Editor in 0,00 ms.
Mono: successfully reloaded assembly
- Completed reload, in  1,468 seconds
Platform modules already initialized, skipping
Switching build target platform(24) subTarget(0) extendedPlatform(0) -> platform(13) subTarget(537395200) extendedPlatform(0)
Refreshing native plugins compatible for Editor in 0,46 ms, found 0 plugins.
Preloading 0 native plugins for Editor in 0,00 ms.
Unloading 1802 Unused Serialized files (Serialized files now loaded: 0)
System memory in use before: 74,0 MB.
System memory in use after: 74,0 MB.

Unloading 16 unused Assets to reduce memory usage. Loaded Objects now: 2327.
Total: 3,902359 ms (FindLiveObjects: 0,197533 ms CreateObjectMapping: 0,063097 ms MarkObjects: 3,476632 ms  DeleteObjects: 0,162058 ms)

AssetImportParameters requested are different than current active one (requested -> active):
  custom:graphics/normal-map-encoding: 01000000000000000000000000000000 -> 02000000000000000000000000000000
========================================================================
Received Prepare
Registering precompiled user dll's ...
Registered in 0,003030 seconds.
Begin MonoManager ReloadAssembly
Native extension for LinuxStandalone target not found
Native extension for WindowsStandalone target not found
Refreshing native plugins compatible for Editor in 0,42 ms, found 0 plugins.
Preloading 0 native plugins for Editor in 0,00 ms.
Mono: successfully reloaded assembly
- Completed reload, in  1,593 seconds
Platform modules already initialized, skipping
Switching build target platform(24) subTarget(0) extendedPlatform(0) -> platform(13) subTarget(537395200) extendedPlatform(0)
Refreshing native plugins compatible for Editor in 0,84 ms, found 0 plugins.
Preloading 0 native plugins for Editor in 0,00 ms.
Unloading 1802 Unused Serialized files (Serialized files now loaded: 0)
System memory in use before: 74,0 MB.
System memory in use after: 74,0 MB.

Unloading 16 unused Assets to reduce memory usage. Loaded Objects now: 2331.
Total: 5,379567 ms (FindLiveObjects: 0,524573 ms CreateObjectMapping: 0,107152 ms MarkObjects: 4,565543 ms  DeleteObjects: 0,179109 ms)

AssetImportParameters requested are different than current active one (requested -> active):
  custom:graphics/normal-map-encoding: 01000000000000000000000000000000 -> 02000000000000000000000000000000
========================================================================
Received Prepare
Registering precompiled user dll's ...
Registered in 0,002909 seconds.
Begin MonoManager ReloadAssembly
Native extension for LinuxStandalone target not found
Native extension for WindowsStandalone target not found
Refreshing native plugins compatible for Editor in 0,47 ms, found 0 plugins.
Preloading 0 native plugins for Editor in 0,00 ms.
Mono: successfully reloaded assembly
- Completed reload, in  1,455 seconds
Platform modules already initialized, skipping
Switching build target platform(24) subTarget(0) extendedPlatform(0) -> platform(13) subTarget(537395200) extendedPlatform(0)
Refreshing native plugins compatible for Editor in 0,50 ms, found 0 plugins.
Preloading 0 native plugins for Editor in 0,00 ms.
Unloading 1802 Unused Serialized files (Serialized files now loaded: 0)
System memory in use before: 74,0 MB.
System memory in use after: 74,1 MB.

Unloading 16 unused Assets to reduce memory usage. Loaded Objects now: 2335.
Total: 4,094782 ms (FindLiveObjects: 0,795555 ms CreateObjectMapping: 0,098195 ms MarkObjects: 3,057859 ms  DeleteObjects: 0,123821 ms)

AssetImportParameters requested are different than current active one (requested -> active):
  custom:graphics/normal-map-encoding: 01000000000000000000000000000000 -> 02000000000000000000000000000000
========================================================================
Received Prepare
Registering precompiled user dll's ...
Registered in 0,004705 seconds.
Begin MonoManager ReloadAssembly
Native extension for LinuxStandalone target not found
Native extension for WindowsStandalone target not found
Refreshing native plugins compatible for Editor in 0,47 ms, found 0 plugins.
Preloading 0 native plugins for Editor in 0,00 ms.
Mono: successfully reloaded assembly
- Completed reload, in  1,748 seconds
Platform modules already initialized, skipping
Switching build target platform(24) subTarget(0) extendedPlatform(0) -> platform(13) subTarget(537395200) extendedPlatform(0)
Refreshing native plugins compatible for Editor in 0,46 ms, found 0 plugins.
Preloading 0 native plugins for Editor in 0,00 ms.
Unloading 1802 Unused Serialized files (Serialized files now loaded: 0)
System memory in use before: 74,0 MB.
System memory in use after: 74,1 MB.

Unloading 16 unused Assets to reduce memory usage. Loaded Objects now: 2339.
Total: 4,941945 ms (FindLiveObjects: 0,219782 ms CreateObjectMapping: 0,067537 ms MarkObjects: 4,387431 ms  DeleteObjects: 0,264570 ms)

AssetImportParameters requested are different than current active one (requested -> active):
  custom:graphics/normal-map-encoding: 01000000000000000000000000000000 -> 02000000000000000000000000000000
========================================================================
Received Prepare
Registering precompiled user dll's ...
Registered in 0,002663 seconds.
Begin MonoManager ReloadAssembly
Native extension for LinuxStandalone target not found
Native extension for WindowsStandalone target not found
Refreshing native plugins compatible for Editor in 0,47 ms, found 0 plugins.
Preloading 0 native plugins for Editor in 0,00 ms.
Mono: successfully reloaded assembly
- Completed reload, in  1,479 seconds
Platform modules already initialized, skipping
Switching build target platform(24) subTarget(0) extendedPlatform(0) -> platform(13) subTarget(537395200) extendedPlatform(0)
Refreshing native plugins compatible for Editor in 0,42 ms, found 0 plugins.
Preloading 0 native plugins for Editor in 0,00 ms.
Unloading 1802 Unused Serialized files (Serialized files now loaded: 0)
System memory in use before: 74,0 MB.
System memory in use after: 74,1 MB.

Unloading 16 unused Assets to reduce memory usage. Loaded Objects now: 2343.
Total: 4,013721 ms (FindLiveObjects: 0,209716 ms CreateObjectMapping: 0,064292 ms MarkObjects: 3,614651 ms  DeleteObjects: 0,123217 ms)

AssetImportParameters requested are different than current active one (requested -> active):
  custom:graphics/normal-map-encoding: 01000000000000000000000000000000 -> 02000000000000000000000000000000
========================================================================
Received Prepare
Registering precompiled user dll's ...
Registered in 0,005086 seconds.
Begin MonoManager ReloadAssembly
Native extension for LinuxStandalone target not found
Native extension for WindowsStandalone target not found
Refreshing native plugins compatible for Editor in 0,47 ms, found 0 plugins.
Preloading 0 native plugins for Editor in 0,00 ms.
Mono: successfully reloaded assembly
- Completed reload, in  1,680 seconds
Platform modules already initialized, skipping
Switching build target platform(24) subTarget(0) extendedPlatform(0) -> platform(13) subTarget(537395200) extendedPlatform(0)
Refreshing native plugins compatible for Editor in 0,45 ms, found 0 plugins.
Preloading 0 native plugins for Editor in 0,00 ms.
Unloading 1802 Unused Serialized files (Serialized files now loaded: 0)
System memory in use before: 74,0 MB.
System memory in use after: 74,1 MB.

Unloading 16 unused Assets to reduce memory usage. Loaded Objects now: 2347.
Total: 4,397825 ms (FindLiveObjects: 0,207509 ms CreateObjectMapping: 0,064453 ms MarkObjects: 4,000351 ms  DeleteObjects: 0,123336 ms)

AssetImportParameters requested are different than current active one (requested -> active):
  custom:graphics/normal-map-encoding: 01000000000000000000000000000000 -> 02000000000000000000000000000000
========================================================================
Received Prepare
Registering precompiled user dll's ...
Registered in 0,003654 seconds.
Begin MonoManager ReloadAssembly
Native extension for LinuxStandalone target not found
Native extension for WindowsStandalone target not found
Refreshing native plugins compatible for Editor in 0,51 ms, found 0 plugins.
Preloading 0 native plugins for Editor in 0,00 ms.
Mono: successfully reloaded assembly
- Completed reload, in  1,527 seconds
Platform modules already initialized, skipping
Switching build target platform(24) subTarget(0) extendedPlatform(0) -> platform(13) subTarget(537395200) extendedPlatform(0)
Refreshing native plugins compatible for Editor in 0,42 ms, found 0 plugins.
Preloading 0 native plugins for Editor in 0,00 ms.
Unloading 1802 Unused Serialized files (Serialized files now loaded: 0)
System memory in use before: 74,1 MB.
System memory in use after: 74,1 MB.

Unloading 16 unused Assets to reduce memory usage. Loaded Objects now: 2351.
Total: 3,708298 ms (FindLiveObjects: 0,237936 ms CreateObjectMapping: 0,062596 ms MarkObjects: 3,172707 ms  DeleteObjects: 0,232639 ms)

AssetImportParameters requested are different than current active one (requested -> active):
  custom:graphics/normal-map-encoding: 01000000000000000000000000000000 -> 02000000000000000000000000000000
AssetImportWorkerClient::OnTransportError - code=2 error=End of file
