Using pre-set license
Built from '2020.3/staging' branch; Version is '2020.3.10f1 (297d780c91bc) revision 2719096'; Using compiler version '192528614'; Build Type 'Release'
OS: 'Windows 10 Home; OS build 19041.985; Version 2004; 64bit' Language: 'en' Physical Memory: 7851 MB
BatchMode: 1, IsHumanControllingUs: 0, StartBugReporterOnCrash: 0, Is64bit: 1, IsPro: 0

 COMMAND LINE ARGUMENTS:
C:\Program Files\Unity\Hub\Editor\2020.3.10f1\Editor\Unity.exe
-adb2
-batchMode
-noUpm
-name
AssetImportWorker0
-projectPath
C:/Users/user/Documents/Games/AR-aliens/AR-Alien-Game
-logFile
Logs/AssetImportWorker0.log
-srvPort
61458
Successfully changed project path to: C:/Users/user/Documents/Games/AR-aliens/AR-Alien-Game
C:/Users/user/Documents/Games/AR-aliens/AR-Alien-Game
Using Asset Import Pipeline V2.
Refreshing native plugins compatible for Editor in 41.36 ms, found 2 plugins.
Preloading 0 native plugins for Editor in 0.00 ms.
Initialize engine version: 2020.3.10f1 (297d780c91bc)
[Subsystems] Discovering subsystems at path C:/Program Files/Unity/Hub/Editor/2020.3.10f1/Editor/Data/Resources/UnitySubsystems
[Subsystems] Discovering subsystems at path C:/Users/user/Documents/Games/AR-aliens/AR-Alien-Game/Assets
GfxDevice: creating device client; threaded=0
Direct3D:
    Version:  Direct3D 11.0 [level 11.1]
    Renderer: Intel(R) UHD Graphics 620 (ID=0x5917)
    Vendor:   
    VRAM:     3925 MB
    Driver:   27.20.100.8681
Initialize mono
Mono path[0] = 'C:/Program Files/Unity/Hub/Editor/2020.3.10f1/Editor/Data/Managed'
Mono path[1] = 'C:/Program Files/Unity/Hub/Editor/2020.3.10f1/Editor/Data/MonoBleedingEdge/lib/mono/unityjit'
Mono config path = 'C:/Program Files/Unity/Hub/Editor/2020.3.10f1/Editor/Data/MonoBleedingEdge/etc'
Using monoOptions --debugger-agent=transport=dt_socket,embedding=1,server=y,suspend=n,address=127.0.0.1:56384
Begin MonoManager ReloadAssembly
Registering precompiled unity dll's ...
Register platform support module: C:/Program Files/Unity/Hub/Editor/2020.3.10f1/Editor/Data/PlaybackEngines/WindowsStandaloneSupport/UnityEditor.WindowsStandalone.Extensions.dll
Registered in 0.001875 seconds.
Native extension for WindowsStandalone target not found
Refreshing native plugins compatible for Editor in 30.12 ms, found 2 plugins.
Preloading 0 native plugins for Editor in 0.00 ms.
Mono: successfully reloaded assembly
- Completed reload, in  1.511 seconds
Platform modules already initialized, skipping
Registering precompiled user dll's ...
Registered in 0.003434 seconds.
Begin MonoManager ReloadAssembly
Native extension for WindowsStandalone target not found
Refreshing native plugins compatible for Editor in 36.16 ms, found 2 plugins.
Preloading 0 native plugins for Editor in 0.00 ms.
Mono: successfully reloaded assembly
- Completed reload, in  1.138 seconds
Platform modules already initialized, skipping
========================================================================
Worker process is ready to serve import requests
Launched and connected shader compiler UnityShaderCompiler.exe after 0.06 seconds
Refreshing native plugins compatible for Editor in 0.46 ms, found 2 plugins.
Preloading 0 native plugins for Editor in 0.00 ms.
Unloading 1811 Unused Serialized files (Serialized files now loaded: 0)
System memory in use before: 78.7 MB.
System memory in use after: 78.7 MB.

Unloading 21 unused Assets to reduce memory usage. Loaded Objects now: 2246.
Total: 2.136600 ms (FindLiveObjects: 0.189300 ms CreateObjectMapping: 0.060100 ms MarkObjects: 1.784000 ms  DeleteObjects: 0.102300 ms)

========================================================================
Received Import Request.
  path: Assets/Scripts
  artifactKey: Guid(23fe57e5efdbce616af85bc1c13d7c7b) Importer(815301076,1909f56bfc062723c751e8b465ee728b)
Start importing Assets/Scripts using Guid(23fe57e5efdbce616af85bc1c13d7c7b) Importer(815301076,1909f56bfc062723c751e8b465ee728b)  -> (artifact id: '70eef2c2e6741aec5af5818310fcee71') in 0.014304 seconds
  Import took 0.019943 seconds .

========================================================================
Received Import Request.
  Time since last request: 4.365450 seconds.
  path: Assets/Scripts/Enemy.cs
  artifactKey: Guid(2313ed1c2ae468f4c9d03cc83ef6bbb9) Importer(815301076,1909f56bfc062723c751e8b465ee728b)
Start importing Assets/Scripts/Enemy.cs using Guid(2313ed1c2ae468f4c9d03cc83ef6bbb9) Importer(815301076,1909f56bfc062723c751e8b465ee728b)  -> (artifact id: '3c52340d129bf2d194f9b38fc798b4f2') in 0.059223 seconds
  Import took 0.064051 seconds .

========================================================================
Received Import Request.
  Time since last request: 0.064864 seconds.
  path: Assets/Scripts/Enemy.cs
  artifactKey: Guid(2313ed1c2ae468f4c9d03cc83ef6bbb9) Importer(815301076,1909f56bfc062723c751e8b465ee728b)
Start importing Assets/Scripts/Enemy.cs using Guid(2313ed1c2ae468f4c9d03cc83ef6bbb9) Importer(815301076,1909f56bfc062723c751e8b465ee728b)  -> (artifact id: '3c52340d129bf2d194f9b38fc798b4f2') in 0.004034 seconds
  Import took 0.012848 seconds .

========================================================================
Received Prepare
Registering precompiled user dll's ...
Registered in 0.003661 seconds.
Begin MonoManager ReloadAssembly
Native extension for WindowsStandalone target not found
Refreshing native plugins compatible for Editor in 0.57 ms, found 2 plugins.
Preloading 0 native plugins for Editor in 0.00 ms.
Mono: successfully reloaded assembly
- Completed reload, in  1.068 seconds
Platform modules already initialized, skipping
Switching build target platform(19) subTarget(0) extendedPlatform(0) -> platform(13) subTarget(524288) extendedPlatform(0)
Refreshing native plugins compatible for Editor in 0.56 ms, found 2 plugins.
Preloading 0 native plugins for Editor in 0.00 ms.
Unloading 1803 Unused Serialized files (Serialized files now loaded: 0)
System memory in use before: 78.2 MB.
System memory in use after: 78.3 MB.

Unloading 16 unused Assets to reduce memory usage. Loaded Objects now: 2251.
Total: 2.456200 ms (FindLiveObjects: 0.219300 ms CreateObjectMapping: 0.072500 ms MarkObjects: 2.106800 ms  DeleteObjects: 0.056700 ms)

AssetImportParameters requested are different than current active one (requested -> active):
  custom:graphics/normal-map-encoding: 01000000000000000000000000000000 -> 02000000000000000000000000000000
========================================================================
Received Import Request.
  Time since last request: 16.843056 seconds.
  path: Assets/Enemies/Prefabs/UFO.prefab
  artifactKey: Guid(d15182df7f1effe4287624b1e475652d) Importer(815301076,1909f56bfc062723c751e8b465ee728b)
Start importing Assets/Enemies/Prefabs/UFO.prefab using Guid(d15182df7f1effe4287624b1e475652d) Importer(815301076,1909f56bfc062723c751e8b465ee728b)  -> (artifact id: '68e8cf1e18961b21d2d77748c9b5daf4') in 0.654389 seconds
  Import took 0.660651 seconds .

========================================================================
Received Import Request.
  Time since last request: 146.888873 seconds.
  path: Assets/Enemies/Prefabs/UFO.prefab
  artifactKey: Guid(d15182df7f1effe4287624b1e475652d) Importer(815301076,1909f56bfc062723c751e8b465ee728b)
Start importing Assets/Enemies/Prefabs/UFO.prefab using Guid(d15182df7f1effe4287624b1e475652d) Importer(815301076,1909f56bfc062723c751e8b465ee728b)  -> (artifact id: 'be71b57c7c1ffced94b49201d1e9d456') in 0.059720 seconds
  Import took 0.066353 seconds .

========================================================================
Received Import Request.
  Time since last request: 0.001353 seconds.
  path: Assets/Enemies/Prefabs/UFO.prefab
  artifactKey: Guid(d15182df7f1effe4287624b1e475652d) Importer(815301076,1909f56bfc062723c751e8b465ee728b)
Start importing Assets/Enemies/Prefabs/UFO.prefab using Guid(d15182df7f1effe4287624b1e475652d) Importer(815301076,1909f56bfc062723c751e8b465ee728b)  -> (artifact id: 'be71b57c7c1ffced94b49201d1e9d456') in 0.042217 seconds
  Import took 0.050199 seconds .

========================================================================
Received Import Request.
  Time since last request: 0.689210 seconds.
  path: Assets/Enemies/Prefabs/UFO.prefab
  artifactKey: Guid(d15182df7f1effe4287624b1e475652d) Importer(815301076,1909f56bfc062723c751e8b465ee728b)
Start importing Assets/Enemies/Prefabs/UFO.prefab using Guid(d15182df7f1effe4287624b1e475652d) Importer(815301076,1909f56bfc062723c751e8b465ee728b)  -> (artifact id: 'b11724a4a469502df061266569d5e95d') in 0.033619 seconds
  Import took 0.041864 seconds .

========================================================================
Received Import Request.
  Time since last request: 0.966021 seconds.
  path: Assets/Enemies/Prefabs/UFO.prefab
  artifactKey: Guid(d15182df7f1effe4287624b1e475652d) Importer(815301076,1909f56bfc062723c751e8b465ee728b)
Start importing Assets/Enemies/Prefabs/UFO.prefab using Guid(d15182df7f1effe4287624b1e475652d) Importer(815301076,1909f56bfc062723c751e8b465ee728b)  -> (artifact id: 'fbd7c6e2a0e94f756203cbdde0f65b8c') in 0.042237 seconds
  Import took 0.050593 seconds .

========================================================================
Received Prepare
Registering precompiled user dll's ...
Registered in 0.015316 seconds.
Begin MonoManager ReloadAssembly
Native extension for WindowsStandalone target not found
Refreshing native plugins compatible for Editor in 0.44 ms, found 2 plugins.
Preloading 0 native plugins for Editor in 0.00 ms.
Mono: successfully reloaded assembly
- Completed reload, in  1.136 seconds
Platform modules already initialized, skipping
Switching build target platform(19) subTarget(0) extendedPlatform(0) -> platform(13) subTarget(524288) extendedPlatform(0)
Refreshing native plugins compatible for Editor in 1.13 ms, found 2 plugins.
Preloading 0 native plugins for Editor in 0.00 ms.
Unloading 1803 Unused Serialized files (Serialized files now loaded: 0)
System memory in use before: 95.1 MB.
System memory in use after: 95.1 MB.

Unloading 16 unused Assets to reduce memory usage. Loaded Objects now: 2263.
Total: 2.802400 ms (FindLiveObjects: 0.215200 ms CreateObjectMapping: 0.068000 ms MarkObjects: 2.434600 ms  DeleteObjects: 0.083500 ms)

AssetImportParameters requested are different than current active one (requested -> active):
  custom:graphics/normal-map-encoding: 01000000000000000000000000000000 -> 02000000000000000000000000000000
========================================================================
Received Prepare
Registering precompiled user dll's ...
Registered in 0.003342 seconds.
Begin MonoManager ReloadAssembly
Native extension for WindowsStandalone target not found
Refreshing native plugins compatible for Editor in 0.66 ms, found 2 plugins.
Preloading 0 native plugins for Editor in 0.00 ms.
Mono: successfully reloaded assembly
- Completed reload, in  1.077 seconds
Platform modules already initialized, skipping
Switching build target platform(19) subTarget(0) extendedPlatform(0) -> platform(13) subTarget(524288) extendedPlatform(0)
Refreshing native plugins compatible for Editor in 0.45 ms, found 2 plugins.
Preloading 0 native plugins for Editor in 0.00 ms.
Unloading 1803 Unused Serialized files (Serialized files now loaded: 0)
System memory in use before: 95.1 MB.
System memory in use after: 95.1 MB.

Unloading 16 unused Assets to reduce memory usage. Loaded Objects now: 2267.
Total: 2.251500 ms (FindLiveObjects: 0.185900 ms CreateObjectMapping: 0.050000 ms MarkObjects: 1.933800 ms  DeleteObjects: 0.081200 ms)

AssetImportParameters requested are different than current active one (requested -> active):
  custom:graphics/normal-map-encoding: 01000000000000000000000000000000 -> 02000000000000000000000000000000
========================================================================
Received Import Request.
  Time since last request: 199.321660 seconds.
  path: Assets/Enemies/Prefabs/Veloster.prefab
  artifactKey: Guid(97a9640837918b74dbf980d4d6b4d9bd) Importer(815301076,1909f56bfc062723c751e8b465ee728b)
Start importing Assets/Enemies/Prefabs/Veloster.prefab using Guid(97a9640837918b74dbf980d4d6b4d9bd) Importer(815301076,1909f56bfc062723c751e8b465ee728b)  -> (artifact id: '63e3b5d13f740c20e7cb7344694ab800') in 0.093939 seconds
  Import took 0.097093 seconds .

========================================================================
Received Prepare
Registering precompiled user dll's ...
Registered in 0.008097 seconds.
Begin MonoManager ReloadAssembly
Native extension for WindowsStandalone target not found
Refreshing native plugins compatible for Editor in 0.59 ms, found 2 plugins.
Preloading 0 native plugins for Editor in 0.00 ms.
Mono: successfully reloaded assembly
- Completed reload, in  1.134 seconds
Platform modules already initialized, skipping
Switching build target platform(19) subTarget(0) extendedPlatform(0) -> platform(13) subTarget(524288) extendedPlatform(0)
Refreshing native plugins compatible for Editor in 0.39 ms, found 2 plugins.
Preloading 0 native plugins for Editor in 0.00 ms.
Unloading 1803 Unused Serialized files (Serialized files now loaded: 0)
System memory in use before: 95.1 MB.
System memory in use after: 95.2 MB.

Unloading 16 unused Assets to reduce memory usage. Loaded Objects now: 2272.
Total: 2.363600 ms (FindLiveObjects: 0.195400 ms CreateObjectMapping: 0.081400 ms MarkObjects: 1.984100 ms  DeleteObjects: 0.101700 ms)

AssetImportParameters requested are different than current active one (requested -> active):
  custom:graphics/normal-map-encoding: 01000000000000000000000000000000 -> 02000000000000000000000000000000
========================================================================
Received Prepare
Registering precompiled user dll's ...
Registered in 0.005891 seconds.
Begin MonoManager ReloadAssembly
Native extension for WindowsStandalone target not found
Refreshing native plugins compatible for Editor in 0.43 ms, found 2 plugins.
Preloading 0 native plugins for Editor in 0.00 ms.
Mono: successfully reloaded assembly
- Completed reload, in  0.976 seconds
Platform modules already initialized, skipping
Switching build target platform(19) subTarget(0) extendedPlatform(0) -> platform(13) subTarget(524288) extendedPlatform(0)
Refreshing native plugins compatible for Editor in 0.42 ms, found 2 plugins.
Preloading 0 native plugins for Editor in 0.00 ms.
Unloading 1803 Unused Serialized files (Serialized files now loaded: 0)
System memory in use before: 95.1 MB.
System memory in use after: 95.2 MB.

Unloading 16 unused Assets to reduce memory usage. Loaded Objects now: 2276.
Total: 2.834100 ms (FindLiveObjects: 0.211600 ms CreateObjectMapping: 0.062300 ms MarkObjects: 2.426500 ms  DeleteObjects: 0.131800 ms)

AssetImportParameters requested are different than current active one (requested -> active):
  custom:graphics/normal-map-encoding: 01000000000000000000000000000000 -> 02000000000000000000000000000000
========================================================================
Received Import Request.
  Time since last request: 130.090494 seconds.
  path: Assets/Enemies/Prefabs/Veloster.prefab
  artifactKey: Guid(97a9640837918b74dbf980d4d6b4d9bd) Importer(815301076,1909f56bfc062723c751e8b465ee728b)
Start importing Assets/Enemies/Prefabs/Veloster.prefab using Guid(97a9640837918b74dbf980d4d6b4d9bd) Importer(815301076,1909f56bfc062723c751e8b465ee728b)  -> (artifact id: '93a74bd652b7b077f22d7ad515fe118e') in 0.107352 seconds
  Import took 0.112830 seconds .

========================================================================
Received Import Request.
  Time since last request: 149.485128 seconds.
  path: Assets/Enemies/Prefabs/Veloster.prefab
  artifactKey: Guid(97a9640837918b74dbf980d4d6b4d9bd) Importer(815301076,1909f56bfc062723c751e8b465ee728b)
Start importing Assets/Enemies/Prefabs/Veloster.prefab using Guid(97a9640837918b74dbf980d4d6b4d9bd) Importer(815301076,1909f56bfc062723c751e8b465ee728b)  -> (artifact id: '92d2fc1909753dfc60add8681731a203') in 0.042720 seconds
  Import took 0.048057 seconds .

========================================================================
Received Import Request.
  Time since last request: 6.990702 seconds.
  path: Assets/Enemies/Prefabs/Veloster.prefab
  artifactKey: Guid(97a9640837918b74dbf980d4d6b4d9bd) Importer(815301076,1909f56bfc062723c751e8b465ee728b)
Start importing Assets/Enemies/Prefabs/Veloster.prefab using Guid(97a9640837918b74dbf980d4d6b4d9bd) Importer(815301076,1909f56bfc062723c751e8b465ee728b)  -> (artifact id: '42c0a32e68c1d0ded2521292fe52fadb') in 0.049378 seconds
  Import took 0.054226 seconds .

========================================================================
Received Import Request.
  Time since last request: 88.785819 seconds.
  path: Assets/Enemies/Prefabs/Veloster.prefab
  artifactKey: Guid(97a9640837918b74dbf980d4d6b4d9bd) Importer(815301076,1909f56bfc062723c751e8b465ee728b)
Start importing Assets/Enemies/Prefabs/Veloster.prefab using Guid(97a9640837918b74dbf980d4d6b4d9bd) Importer(815301076,1909f56bfc062723c751e8b465ee728b)  -> (artifact id: '35e8a25a3816fc9408b767e17d3fdfe6') in 0.049529 seconds
  Import took 0.056299 seconds .

========================================================================
Received Import Request.
  Time since last request: 92.393669 seconds.
  path: Assets/Enemies/Prefabs/Veloster.prefab
  artifactKey: Guid(97a9640837918b74dbf980d4d6b4d9bd) Importer(815301076,1909f56bfc062723c751e8b465ee728b)
Start importing Assets/Enemies/Prefabs/Veloster.prefab using Guid(97a9640837918b74dbf980d4d6b4d9bd) Importer(815301076,1909f56bfc062723c751e8b465ee728b)  -> (artifact id: 'c9954ce72b687143ff2885703816605a') in 0.039917 seconds
  Import took 0.045150 seconds .

========================================================================
Received Import Request.
  Time since last request: 7.359157 seconds.
  path: Assets/Enemies/Prefabs/Veloster.prefab
  artifactKey: Guid(97a9640837918b74dbf980d4d6b4d9bd) Importer(815301076,1909f56bfc062723c751e8b465ee728b)
Start importing Assets/Enemies/Prefabs/Veloster.prefab using Guid(97a9640837918b74dbf980d4d6b4d9bd) Importer(815301076,1909f56bfc062723c751e8b465ee728b)  -> (artifact id: '2fea1ae2ac364d6eeb290b9dca0ff341') in 0.038738 seconds
  Import took 0.045052 seconds .

========================================================================
Received Import Request.
  Time since last request: 2.284173 seconds.
  path: Assets/Enemies/Prefabs/Veloster.prefab
  artifactKey: Guid(97a9640837918b74dbf980d4d6b4d9bd) Importer(815301076,1909f56bfc062723c751e8b465ee728b)
Start importing Assets/Enemies/Prefabs/Veloster.prefab using Guid(97a9640837918b74dbf980d4d6b4d9bd) Importer(815301076,1909f56bfc062723c751e8b465ee728b)  -> (artifact id: '50ed460bc2ff73afd6d109c5a07b8ac7') in 0.045909 seconds
  Import took 0.052912 seconds .

========================================================================
Received Import Request.
  Time since last request: 92.604251 seconds.
  path: Assets/Enemies/Prefabs/Veloster.prefab
  artifactKey: Guid(97a9640837918b74dbf980d4d6b4d9bd) Importer(815301076,1909f56bfc062723c751e8b465ee728b)
Start importing Assets/Enemies/Prefabs/Veloster.prefab using Guid(97a9640837918b74dbf980d4d6b4d9bd) Importer(815301076,1909f56bfc062723c751e8b465ee728b)  -> (artifact id: 'b99baafc4d1a1dba23fbd94638344d43') in 0.043497 seconds
  Import took 0.048029 seconds .

========================================================================
Received Import Request.
  Time since last request: 3.549877 seconds.
  path: Assets/Enemies/Prefabs/Veloster.prefab
  artifactKey: Guid(97a9640837918b74dbf980d4d6b4d9bd) Importer(815301076,1909f56bfc062723c751e8b465ee728b)
Start importing Assets/Enemies/Prefabs/Veloster.prefab using Guid(97a9640837918b74dbf980d4d6b4d9bd) Importer(815301076,1909f56bfc062723c751e8b465ee728b)  -> (artifact id: 'f6197872ee5e8329c1426961c9a62654') in 0.050507 seconds
  Import took 0.055017 seconds .

========================================================================
Received Import Request.
  Time since last request: 18.495152 seconds.
  path: Assets/Enemies/Prefabs/Veloster.prefab
  artifactKey: Guid(97a9640837918b74dbf980d4d6b4d9bd) Importer(815301076,1909f56bfc062723c751e8b465ee728b)
Start importing Assets/Enemies/Prefabs/Veloster.prefab using Guid(97a9640837918b74dbf980d4d6b4d9bd) Importer(815301076,1909f56bfc062723c751e8b465ee728b)  -> (artifact id: 'e617836223f0eea9d97a91863d085aac') in 0.037777 seconds
  Import took 0.042196 seconds .

========================================================================
Received Import Request.
  Time since last request: 5.394443 seconds.
  path: Assets/Enemies/Prefabs/Veloster.prefab
  artifactKey: Guid(97a9640837918b74dbf980d4d6b4d9bd) Importer(815301076,1909f56bfc062723c751e8b465ee728b)
Start importing Assets/Enemies/Prefabs/Veloster.prefab using Guid(97a9640837918b74dbf980d4d6b4d9bd) Importer(815301076,1909f56bfc062723c751e8b465ee728b)  -> (artifact id: 'e01c6c2199d5c747943c8b1f6945cbbb') in 0.052802 seconds
  Import took 0.057111 seconds .

========================================================================
Received Import Request.
  Time since last request: 13.493922 seconds.
  path: Assets/Enemies/Prefabs/Veloster.prefab
  artifactKey: Guid(97a9640837918b74dbf980d4d6b4d9bd) Importer(815301076,1909f56bfc062723c751e8b465ee728b)
Start importing Assets/Enemies/Prefabs/Veloster.prefab using Guid(97a9640837918b74dbf980d4d6b4d9bd) Importer(815301076,1909f56bfc062723c751e8b465ee728b)  -> (artifact id: '150239ff6862938efe8bfa2333d059e8') in 0.066151 seconds
  Import took 0.075199 seconds .

========================================================================
Received Import Request.
  Time since last request: 9.089091 seconds.
  path: Assets/Enemies/Prefabs/Veloster.prefab
  artifactKey: Guid(97a9640837918b74dbf980d4d6b4d9bd) Importer(815301076,1909f56bfc062723c751e8b465ee728b)
Start importing Assets/Enemies/Prefabs/Veloster.prefab using Guid(97a9640837918b74dbf980d4d6b4d9bd) Importer(815301076,1909f56bfc062723c751e8b465ee728b)  -> (artifact id: 'f4464a35dfcf1aae9fcb47891e4f935b') in 0.040623 seconds
  Import took 0.045183 seconds .

========================================================================
Received Import Request.
  Time since last request: 3.577784 seconds.
  path: Assets/Enemies/Prefabs/Veloster.prefab
  artifactKey: Guid(97a9640837918b74dbf980d4d6b4d9bd) Importer(815301076,1909f56bfc062723c751e8b465ee728b)
Start importing Assets/Enemies/Prefabs/Veloster.prefab using Guid(97a9640837918b74dbf980d4d6b4d9bd) Importer(815301076,1909f56bfc062723c751e8b465ee728b)  -> (artifact id: '3d682d5a1357135a8914eed04795e0a9') in 0.035466 seconds
  Import took 0.039910 seconds .

========================================================================
Received Import Request.
  Time since last request: 24.852432 seconds.
  path: Assets/Enemies/Prefabs/Veloster.prefab
  artifactKey: Guid(97a9640837918b74dbf980d4d6b4d9bd) Importer(815301076,1909f56bfc062723c751e8b465ee728b)
Start importing Assets/Enemies/Prefabs/Veloster.prefab using Guid(97a9640837918b74dbf980d4d6b4d9bd) Importer(815301076,1909f56bfc062723c751e8b465ee728b)  -> (artifact id: '9244913fd8ae046ea7eabe8eed0929bb') in 0.042648 seconds
  Import took 0.047811 seconds .

========================================================================
Received Import Request.
  Time since last request: 5.103968 seconds.
  path: Assets/Enemies/Prefabs/Veloster.prefab
  artifactKey: Guid(97a9640837918b74dbf980d4d6b4d9bd) Importer(815301076,1909f56bfc062723c751e8b465ee728b)
Start importing Assets/Enemies/Prefabs/Veloster.prefab using Guid(97a9640837918b74dbf980d4d6b4d9bd) Importer(815301076,1909f56bfc062723c751e8b465ee728b)  -> (artifact id: '99cdab1edaa59029679f9ccfb5461166') in 0.050823 seconds
  Import took 0.055878 seconds .

========================================================================
Received Import Request.
  Time since last request: 7.413624 seconds.
  path: Assets/Enemies/Prefabs/Veloster.prefab
  artifactKey: Guid(97a9640837918b74dbf980d4d6b4d9bd) Importer(815301076,1909f56bfc062723c751e8b465ee728b)
Start importing Assets/Enemies/Prefabs/Veloster.prefab using Guid(97a9640837918b74dbf980d4d6b4d9bd) Importer(815301076,1909f56bfc062723c751e8b465ee728b)  -> (artifact id: 'e2bc2a3e856206fc6e5b6a552173723f') in 0.043759 seconds
  Import took 0.047886 seconds .

========================================================================
Received Import Request.
  Time since last request: 4.430526 seconds.
  path: Assets/Enemies/Prefabs/Veloster.prefab
  artifactKey: Guid(97a9640837918b74dbf980d4d6b4d9bd) Importer(815301076,1909f56bfc062723c751e8b465ee728b)
Start importing Assets/Enemies/Prefabs/Veloster.prefab using Guid(97a9640837918b74dbf980d4d6b4d9bd) Importer(815301076,1909f56bfc062723c751e8b465ee728b)  -> (artifact id: '18c91f9c1b288c189e01d5416071c288') in 0.039213 seconds
  Import took 0.045028 seconds .

========================================================================
Received Import Request.
  Time since last request: 7.840461 seconds.
  path: Assets/Enemies/Prefabs/Veloster.prefab
  artifactKey: Guid(97a9640837918b74dbf980d4d6b4d9bd) Importer(815301076,1909f56bfc062723c751e8b465ee728b)
Start importing Assets/Enemies/Prefabs/Veloster.prefab using Guid(97a9640837918b74dbf980d4d6b4d9bd) Importer(815301076,1909f56bfc062723c751e8b465ee728b)  -> (artifact id: '33adc9c211d7d1c394b704482c122e51') in 0.044170 seconds
  Import took 0.048306 seconds .

========================================================================
Received Import Request.
  Time since last request: 1.977163 seconds.
  path: Assets/Enemies/Prefabs/Veloster.prefab
  artifactKey: Guid(97a9640837918b74dbf980d4d6b4d9bd) Importer(815301076,1909f56bfc062723c751e8b465ee728b)
Start importing Assets/Enemies/Prefabs/Veloster.prefab using Guid(97a9640837918b74dbf980d4d6b4d9bd) Importer(815301076,1909f56bfc062723c751e8b465ee728b)  -> (artifact id: '77ce6ab8707cccfca0e98328955ae22b') in 0.054641 seconds
  Import took 0.059005 seconds .

========================================================================
Received Import Request.
  Time since last request: 5.207406 seconds.
  path: Assets/Enemies/Prefabs/Veloster.prefab
  artifactKey: Guid(97a9640837918b74dbf980d4d6b4d9bd) Importer(815301076,1909f56bfc062723c751e8b465ee728b)
Start importing Assets/Enemies/Prefabs/Veloster.prefab using Guid(97a9640837918b74dbf980d4d6b4d9bd) Importer(815301076,1909f56bfc062723c751e8b465ee728b)  -> (artifact id: '5c31259305016e97ee85dcadc0cfa8ba') in 0.046219 seconds
  Import took 0.050506 seconds .

========================================================================
Received Import Request.
  Time since last request: 3.821982 seconds.
  path: Assets/Enemies/Prefabs/Veloster.prefab
  artifactKey: Guid(97a9640837918b74dbf980d4d6b4d9bd) Importer(815301076,1909f56bfc062723c751e8b465ee728b)
Start importing Assets/Enemies/Prefabs/Veloster.prefab using Guid(97a9640837918b74dbf980d4d6b4d9bd) Importer(815301076,1909f56bfc062723c751e8b465ee728b)  -> (artifact id: '1714da99b91ec385b8cd633f5c1a2f2c') in 0.043758 seconds
  Import took 0.049149 seconds .

========================================================================
Received Import Request.
  Time since last request: 5.396324 seconds.
  path: Assets/Enemies/Prefabs/Veloster.prefab
  artifactKey: Guid(97a9640837918b74dbf980d4d6b4d9bd) Importer(815301076,1909f56bfc062723c751e8b465ee728b)
Start importing Assets/Enemies/Prefabs/Veloster.prefab using Guid(97a9640837918b74dbf980d4d6b4d9bd) Importer(815301076,1909f56bfc062723c751e8b465ee728b)  -> (artifact id: 'f4f253228855599a47a805bf8a737fea') in 0.048301 seconds
  Import took 0.053422 seconds .

========================================================================
Received Import Request.
  Time since last request: 10.872691 seconds.
  path: Assets/Enemies/Prefabs/Veloster.prefab
  artifactKey: Guid(97a9640837918b74dbf980d4d6b4d9bd) Importer(815301076,1909f56bfc062723c751e8b465ee728b)
Start importing Assets/Enemies/Prefabs/Veloster.prefab using Guid(97a9640837918b74dbf980d4d6b4d9bd) Importer(815301076,1909f56bfc062723c751e8b465ee728b)  -> (artifact id: '7253c8b7fe168d9f975440ce1d3efc91') in 0.041148 seconds
  Import took 0.045745 seconds .

========================================================================
Received Import Request.
  Time since last request: 6.825207 seconds.
  path: Assets/Enemies/Prefabs/Veloster.prefab
  artifactKey: Guid(97a9640837918b74dbf980d4d6b4d9bd) Importer(815301076,1909f56bfc062723c751e8b465ee728b)
Start importing Assets/Enemies/Prefabs/Veloster.prefab using Guid(97a9640837918b74dbf980d4d6b4d9bd) Importer(815301076,1909f56bfc062723c751e8b465ee728b)  -> (artifact id: '5f9171cc7b31f88cf8a42a85bae813a1') in 0.037818 seconds
  Import took 0.043579 seconds .

========================================================================
Received Import Request.
  Time since last request: 2.561438 seconds.
  path: Assets/Enemies/Prefabs/Veloster.prefab
  artifactKey: Guid(97a9640837918b74dbf980d4d6b4d9bd) Importer(815301076,1909f56bfc062723c751e8b465ee728b)
Start importing Assets/Enemies/Prefabs/Veloster.prefab using Guid(97a9640837918b74dbf980d4d6b4d9bd) Importer(815301076,1909f56bfc062723c751e8b465ee728b)  -> (artifact id: 'd602a933a3b2cfaa58c96d278100c2f5') in 0.039559 seconds
  Import took 0.045959 seconds .

========================================================================
Received Import Request.
  Time since last request: 23.718093 seconds.
  path: Assets/Enemies/Prefabs/UFO.prefab
  artifactKey: Guid(d15182df7f1effe4287624b1e475652d) Importer(815301076,1909f56bfc062723c751e8b465ee728b)
Start importing Assets/Enemies/Prefabs/UFO.prefab using Guid(d15182df7f1effe4287624b1e475652d) Importer(815301076,1909f56bfc062723c751e8b465ee728b)  -> (artifact id: 'b0203d78cab983225004424fc02ed740') in 0.056138 seconds
  Import took 0.061111 seconds .

========================================================================
Received Import Request.
  Time since last request: 4.135997 seconds.
  path: Assets/Enemies/Prefabs/UFO.prefab
  artifactKey: Guid(d15182df7f1effe4287624b1e475652d) Importer(815301076,1909f56bfc062723c751e8b465ee728b)
Start importing Assets/Enemies/Prefabs/UFO.prefab using Guid(d15182df7f1effe4287624b1e475652d) Importer(815301076,1909f56bfc062723c751e8b465ee728b)  -> (artifact id: 'd6d0372855053234263049e32a9a1b60') in 0.030096 seconds
  Import took 0.036040 seconds .

========================================================================
Received Import Request.
  Time since last request: 13.328839 seconds.
  path: Assets/Enemies/Prefabs/UFO.prefab
  artifactKey: Guid(d15182df7f1effe4287624b1e475652d) Importer(815301076,1909f56bfc062723c751e8b465ee728b)
Start importing Assets/Enemies/Prefabs/UFO.prefab using Guid(d15182df7f1effe4287624b1e475652d) Importer(815301076,1909f56bfc062723c751e8b465ee728b)  -> (artifact id: '00ca946336d5f7cbc60262bace8902b4') in 0.027448 seconds
  Import took 0.033256 seconds .

========================================================================
Received Import Request.
  Time since last request: 8.621069 seconds.
  path: Assets/Enemies/Prefabs/UFO.prefab
  artifactKey: Guid(d15182df7f1effe4287624b1e475652d) Importer(815301076,1909f56bfc062723c751e8b465ee728b)
Start importing Assets/Enemies/Prefabs/UFO.prefab using Guid(d15182df7f1effe4287624b1e475652d) Importer(815301076,1909f56bfc062723c751e8b465ee728b)  -> (artifact id: '8c6722086a191d60038b4df3f404fe3e') in 0.037159 seconds
  Import took 0.044554 seconds .

========================================================================
Received Import Request.
  Time since last request: 7.642557 seconds.
  path: Assets/Enemies/Prefabs/UFO.prefab
  artifactKey: Guid(d15182df7f1effe4287624b1e475652d) Importer(815301076,1909f56bfc062723c751e8b465ee728b)
Start importing Assets/Enemies/Prefabs/UFO.prefab using Guid(d15182df7f1effe4287624b1e475652d) Importer(815301076,1909f56bfc062723c751e8b465ee728b)  -> (artifact id: '7b7c799c30df130da11ae0817fe5e7bc') in 0.035268 seconds
  Import took 0.046154 seconds .

========================================================================
Received Import Request.
  Time since last request: 22.271920 seconds.
  path: Assets/Enemies/Prefabs/UFO.prefab
  artifactKey: Guid(d15182df7f1effe4287624b1e475652d) Importer(815301076,1909f56bfc062723c751e8b465ee728b)
Start importing Assets/Enemies/Prefabs/UFO.prefab using Guid(d15182df7f1effe4287624b1e475652d) Importer(815301076,1909f56bfc062723c751e8b465ee728b)  -> (artifact id: '37c735576a6c6daece9898898a3b745e') in 0.024969 seconds
  Import took 0.030587 seconds .

========================================================================
Received Prepare
Registering precompiled user dll's ...
Registered in 0.003695 seconds.
Begin MonoManager ReloadAssembly
Native extension for WindowsStandalone target not found
Refreshing native plugins compatible for Editor in 0.42 ms, found 2 plugins.
Preloading 0 native plugins for Editor in 0.00 ms.
Mono: successfully reloaded assembly
- Completed reload, in  1.066 seconds
Platform modules already initialized, skipping
Switching build target platform(19) subTarget(0) extendedPlatform(0) -> platform(13) subTarget(524288) extendedPlatform(0)
Refreshing native plugins compatible for Editor in 1.00 ms, found 2 plugins.
Preloading 0 native plugins for Editor in 0.00 ms.
Unloading 1803 Unused Serialized files (Serialized files now loaded: 0)
System memory in use before: 95.3 MB.
System memory in use after: 95.4 MB.

Unloading 16 unused Assets to reduce memory usage. Loaded Objects now: 2281.
Total: 3.532900 ms (FindLiveObjects: 0.232300 ms CreateObjectMapping: 0.062200 ms MarkObjects: 3.176200 ms  DeleteObjects: 0.061200 ms)

AssetImportParameters requested are different than current active one (requested -> active):
  custom:graphics/normal-map-encoding: 01000000000000000000000000000000 -> 02000000000000000000000000000000
========================================================================
Received Prepare
Registering precompiled user dll's ...
Registered in 0.004276 seconds.
Begin MonoManager ReloadAssembly
Native extension for WindowsStandalone target not found
Refreshing native plugins compatible for Editor in 0.39 ms, found 2 plugins.
Preloading 0 native plugins for Editor in 0.00 ms.
Mono: successfully reloaded assembly
- Completed reload, in  1.090 seconds
Platform modules already initialized, skipping
Switching build target platform(19) subTarget(0) extendedPlatform(0) -> platform(13) subTarget(524288) extendedPlatform(0)
Refreshing native plugins compatible for Editor in 0.46 ms, found 2 plugins.
Preloading 0 native plugins for Editor in 0.00 ms.
Unloading 1803 Unused Serialized files (Serialized files now loaded: 0)
System memory in use before: 95.3 MB.
System memory in use after: 95.4 MB.

Unloading 16 unused Assets to reduce memory usage. Loaded Objects now: 2285.
Total: 2.447500 ms (FindLiveObjects: 0.226000 ms CreateObjectMapping: 0.070800 ms MarkObjects: 2.087100 ms  DeleteObjects: 0.062500 ms)

AssetImportParameters requested are different than current active one (requested -> active):
  custom:graphics/normal-map-encoding: 01000000000000000000000000000000 -> 02000000000000000000000000000000
========================================================================
Received Prepare
Registering precompiled user dll's ...
Registered in 0.011524 seconds.
Begin MonoManager ReloadAssembly
Native extension for WindowsStandalone target not found
Refreshing native plugins compatible for Editor in 2.53 ms, found 2 plugins.
Preloading 0 native plugins for Editor in 0.00 ms.
Mono: successfully reloaded assembly
- Completed reload, in  4.757 seconds
Platform modules already initialized, skipping
Switching build target platform(19) subTarget(0) extendedPlatform(0) -> platform(13) subTarget(524288) extendedPlatform(0)
Refreshing native plugins compatible for Editor in 2.26 ms, found 2 plugins.
Preloading 0 native plugins for Editor in 0.00 ms.
Unloading 1803 Unused Serialized files (Serialized files now loaded: 0)
System memory in use before: 95.3 MB.
System memory in use after: 95.4 MB.

Unloading 16 unused Assets to reduce memory usage. Loaded Objects now: 2289.
Total: 24.376900 ms (FindLiveObjects: 3.137100 ms CreateObjectMapping: 0.586400 ms MarkObjects: 17.144100 ms  DeleteObjects: 3.496600 ms)

AssetImportParameters requested are different than current active one (requested -> active):
  custom:graphics/normal-map-encoding: 01000000000000000000000000000000 -> 02000000000000000000000000000000
========================================================================
Received Import Request.
  Time since last request: 618.907573 seconds.
  path: Assets/Items/Prefabs/balloon1.prefab
  artifactKey: Guid(cb584ef685d16436d9e0e318f8ef950e) Importer(815301076,1909f56bfc062723c751e8b465ee728b)
Start importing Assets/Items/Prefabs/balloon1.prefab using Guid(cb584ef685d16436d9e0e318f8ef950e) Importer(815301076,1909f56bfc062723c751e8b465ee728b)  -> (artifact id: '10ca2fac515e2d2bed03cf746e94a985') in 0.222522 seconds
  Import took 0.228793 seconds .

========================================================================
Received Import Request.
  Time since last request: 0.000291 seconds.
  path: Assets/Items/Prefabs/balloon2.prefab
  artifactKey: Guid(9a294644b277347a081ed92a8408399e) Importer(815301076,1909f56bfc062723c751e8b465ee728b)
Start importing Assets/Items/Prefabs/balloon2.prefab using Guid(9a294644b277347a081ed92a8408399e) Importer(815301076,1909f56bfc062723c751e8b465ee728b)  -> (artifact id: '0950c4ca40c8a5b79c0be23893403355') in 0.015453 seconds
  Import took 0.022622 seconds .

========================================================================
Received Import Request.
  Time since last request: 0.000403 seconds.
  path: Assets/Enemies/Prefabs/UFO.prefab
  artifactKey: Guid(d15182df7f1effe4287624b1e475652d) Importer(815301076,1909f56bfc062723c751e8b465ee728b)
Start importing Assets/Enemies/Prefabs/UFO.prefab using Guid(d15182df7f1effe4287624b1e475652d) Importer(815301076,1909f56bfc062723c751e8b465ee728b)  -> (artifact id: '8c577426d39d9b1aba1c577c9c83da22') in 0.086249 seconds
  Import took 0.095926 seconds .

========================================================================
Received Import Request.
  Time since last request: 0.001469 seconds.
  path: Assets/Enemies/Prefabs/Veloster.prefab
  artifactKey: Guid(97a9640837918b74dbf980d4d6b4d9bd) Importer(815301076,1909f56bfc062723c751e8b465ee728b)
Start importing Assets/Enemies/Prefabs/Veloster.prefab using Guid(97a9640837918b74dbf980d4d6b4d9bd) Importer(815301076,1909f56bfc062723c751e8b465ee728b)  -> (artifact id: '86fda1fd31376e7d8a40eef095217263') in 0.082702 seconds
  Import took 0.088403 seconds .

========================================================================
Received Import Request.
  Time since last request: 0.000264 seconds.
  path: Assets/Items/Prefabs/balloon3.prefab
  artifactKey: Guid(bdf6eeb1b216c410c8f80921076cfe27) Importer(815301076,1909f56bfc062723c751e8b465ee728b)
Start importing Assets/Items/Prefabs/balloon3.prefab using Guid(bdf6eeb1b216c410c8f80921076cfe27) Importer(815301076,1909f56bfc062723c751e8b465ee728b)  -> (artifact id: '3f328428f2126350b6507e1926816e02') in 0.021722 seconds
  Import took 0.026530 seconds .

========================================================================
Received Import Request.
  Time since last request: 0.000391 seconds.
  path: Assets/Smoke/Smoke.prefab
  artifactKey: Guid(1b9f4316433b24e92be0a740990a1e4d) Importer(815301076,1909f56bfc062723c751e8b465ee728b)
Start importing Assets/Smoke/Smoke.prefab using Guid(1b9f4316433b24e92be0a740990a1e4d) Importer(815301076,1909f56bfc062723c751e8b465ee728b)  -> (artifact id: '5446cfde1805e0c521e4ab7269f4ca23') in 0.031389 seconds
  Import took 0.035217 seconds .

========================================================================
Received Import Request.
  Time since last request: 0.000295 seconds.
  path: Packages/com.unity.xr.legacyinputhelpers/Prefabs/XRRig.prefab
  artifactKey: Guid(c116b7497ab8ca34c9188965d4295e27) Importer(815301076,1909f56bfc062723c751e8b465ee728b)
Start importing Packages/com.unity.xr.legacyinputhelpers/Prefabs/XRRig.prefab using Guid(c116b7497ab8ca34c9188965d4295e27) Importer(815301076,1909f56bfc062723c751e8b465ee728b)  -> (artifact id: '4e0993ac88694dc4088532330439dbe4') in 0.024127 seconds
  Import took 0.035052 seconds .

========================================================================
Received Import Request.
  Time since last request: 4.568243 seconds.
  path: Assets/Enemies/Prefabs/UFO.prefab
  artifactKey: Guid(d15182df7f1effe4287624b1e475652d) Importer(815301076,1909f56bfc062723c751e8b465ee728b)
Start importing Assets/Enemies/Prefabs/UFO.prefab using Guid(d15182df7f1effe4287624b1e475652d) Importer(815301076,1909f56bfc062723c751e8b465ee728b)  -> (artifact id: '11ebb812f919ca9459db64228f92e3ac') in 0.059517 seconds
  Import took 0.068966 seconds .

========================================================================
Received Prepare
Registering precompiled user dll's ...
Registered in 0.003997 seconds.
Begin MonoManager ReloadAssembly
Native extension for WindowsStandalone target not found
Refreshing native plugins compatible for Editor in 0.41 ms, found 2 plugins.
Preloading 0 native plugins for Editor in 0.00 ms.
Mono: successfully reloaded assembly
- Completed reload, in  1.051 seconds
Platform modules already initialized, skipping
Switching build target platform(19) subTarget(0) extendedPlatform(0) -> platform(13) subTarget(524288) extendedPlatform(0)
Refreshing native plugins compatible for Editor in 0.44 ms, found 2 plugins.
Preloading 0 native plugins for Editor in 0.00 ms.
Unloading 1803 Unused Serialized files (Serialized files now loaded: 0)
System memory in use before: 95.4 MB.
System memory in use after: 95.4 MB.

Unloading 16 unused Assets to reduce memory usage. Loaded Objects now: 2295.
Total: 2.236700 ms (FindLiveObjects: 0.150600 ms CreateObjectMapping: 0.050900 ms MarkObjects: 1.976100 ms  DeleteObjects: 0.058100 ms)

AssetImportParameters requested are different than current active one (requested -> active):
  custom:graphics/normal-map-encoding: 01000000000000000000000000000000 -> 02000000000000000000000000000000
========================================================================
Received Import Request.
  Time since last request: 117.015094 seconds.
  path: Assets/Enemies/Prefabs/Veloster.prefab
  artifactKey: Guid(97a9640837918b74dbf980d4d6b4d9bd) Importer(815301076,1909f56bfc062723c751e8b465ee728b)
Start importing Assets/Enemies/Prefabs/Veloster.prefab using Guid(97a9640837918b74dbf980d4d6b4d9bd) Importer(815301076,1909f56bfc062723c751e8b465ee728b)  -> (artifact id: '589cf88ba605f9394b602888c63d3b96') in 0.093575 seconds
  Import took 0.099158 seconds .

========================================================================
Received Import Request.
  Time since last request: 0.230097 seconds.
  path: Assets/Enemies/Prefabs/Veloster.prefab
  artifactKey: Guid(97a9640837918b74dbf980d4d6b4d9bd) Importer(815301076,1909f56bfc062723c751e8b465ee728b)
Start importing Assets/Enemies/Prefabs/Veloster.prefab using Guid(97a9640837918b74dbf980d4d6b4d9bd) Importer(815301076,1909f56bfc062723c751e8b465ee728b)  -> (artifact id: '218a590beba810d9f39513744f80556e') in 0.046577 seconds
  Import took 0.052548 seconds .

========================================================================
Received Import Request.
  Time since last request: 5.822646 seconds.
  path: Assets/Enemies/Prefabs/Veloster.prefab
  artifactKey: Guid(97a9640837918b74dbf980d4d6b4d9bd) Importer(815301076,1909f56bfc062723c751e8b465ee728b)
Start importing Assets/Enemies/Prefabs/Veloster.prefab using Guid(97a9640837918b74dbf980d4d6b4d9bd) Importer(815301076,1909f56bfc062723c751e8b465ee728b)  -> (artifact id: 'efbb86050d2c7c2e17005d77ba274e64') in 0.048791 seconds
  Import took 0.056099 seconds .

========================================================================
Received Import Request.
  Time since last request: 19.178459 seconds.
  path: Assets/Enemies/Prefabs/Veloster.prefab
  artifactKey: Guid(97a9640837918b74dbf980d4d6b4d9bd) Importer(815301076,1909f56bfc062723c751e8b465ee728b)
Start importing Assets/Enemies/Prefabs/Veloster.prefab using Guid(97a9640837918b74dbf980d4d6b4d9bd) Importer(815301076,1909f56bfc062723c751e8b465ee728b)  -> (artifact id: '1f7caad4c91eccf2e7c916e8fd69f42d') in 0.038908 seconds
  Import took 0.045349 seconds .

========================================================================
Received Import Request.
  Time since last request: 8.855701 seconds.
  path: Assets/Enemies/Prefabs/Veloster.prefab
  artifactKey: Guid(97a9640837918b74dbf980d4d6b4d9bd) Importer(815301076,1909f56bfc062723c751e8b465ee728b)
Start importing Assets/Enemies/Prefabs/Veloster.prefab using Guid(97a9640837918b74dbf980d4d6b4d9bd) Importer(815301076,1909f56bfc062723c751e8b465ee728b)  -> (artifact id: 'd30473e1dc215dfeaeae7db09880c6eb') in 0.040174 seconds
  Import took 0.044013 seconds .

========================================================================
Received Import Request.
  Time since last request: 11.075328 seconds.
  path: Assets/Enemies/Prefabs/Veloster.prefab
  artifactKey: Guid(97a9640837918b74dbf980d4d6b4d9bd) Importer(815301076,1909f56bfc062723c751e8b465ee728b)
Start importing Assets/Enemies/Prefabs/Veloster.prefab using Guid(97a9640837918b74dbf980d4d6b4d9bd) Importer(815301076,1909f56bfc062723c751e8b465ee728b)  -> (artifact id: '2aa6ae4011ad6b94134280d04bb28323') in 0.057730 seconds
  Import took 0.062249 seconds .

========================================================================
Received Import Request.
  Time since last request: 2.978074 seconds.
  path: Assets/Enemies/Prefabs/Veloster.prefab
  artifactKey: Guid(97a9640837918b74dbf980d4d6b4d9bd) Importer(815301076,1909f56bfc062723c751e8b465ee728b)
Start importing Assets/Enemies/Prefabs/Veloster.prefab using Guid(97a9640837918b74dbf980d4d6b4d9bd) Importer(815301076,1909f56bfc062723c751e8b465ee728b)  -> (artifact id: '8d480017dfd541e07011f156b7b08e1b') in 0.039094 seconds
  Import took 0.043091 seconds .

========================================================================
Received Import Request.
  Time since last request: 1.161033 seconds.
  path: Assets/Enemies/Prefabs/Veloster.prefab
  artifactKey: Guid(97a9640837918b74dbf980d4d6b4d9bd) Importer(815301076,1909f56bfc062723c751e8b465ee728b)
Start importing Assets/Enemies/Prefabs/Veloster.prefab using Guid(97a9640837918b74dbf980d4d6b4d9bd) Importer(815301076,1909f56bfc062723c751e8b465ee728b)  -> (artifact id: 'a203e72cc712d75a87b8f2bed6e4c91f') in 0.045629 seconds
  Import took 0.051001 seconds .

========================================================================
Received Import Request.
  Time since last request: 2.166421 seconds.
  path: Assets/Enemies/Prefabs/Veloster.prefab
  artifactKey: Guid(97a9640837918b74dbf980d4d6b4d9bd) Importer(815301076,1909f56bfc062723c751e8b465ee728b)
Start importing Assets/Enemies/Prefabs/Veloster.prefab using Guid(97a9640837918b74dbf980d4d6b4d9bd) Importer(815301076,1909f56bfc062723c751e8b465ee728b)  -> (artifact id: '8c5b42b3cd0489f504ae2cfc19825def') in 0.043841 seconds
  Import took 0.047908 seconds .

========================================================================
Received Import Request.
  Time since last request: 2.188158 seconds.
  path: Assets/Enemies/Prefabs/Veloster.prefab
  artifactKey: Guid(97a9640837918b74dbf980d4d6b4d9bd) Importer(815301076,1909f56bfc062723c751e8b465ee728b)
Start importing Assets/Enemies/Prefabs/Veloster.prefab using Guid(97a9640837918b74dbf980d4d6b4d9bd) Importer(815301076,1909f56bfc062723c751e8b465ee728b)  -> (artifact id: 'd19ea94350979ed2b17c5a6473445f0d') in 0.042378 seconds
  Import took 0.048208 seconds .

========================================================================
Received Import Request.
  Time since last request: 8.859447 seconds.
  path: Assets/Enemies/Prefabs/Veloster.prefab
  artifactKey: Guid(97a9640837918b74dbf980d4d6b4d9bd) Importer(815301076,1909f56bfc062723c751e8b465ee728b)
Start importing Assets/Enemies/Prefabs/Veloster.prefab using Guid(97a9640837918b74dbf980d4d6b4d9bd) Importer(815301076,1909f56bfc062723c751e8b465ee728b)  -> (artifact id: '5fee3f5764647a83a452aac81e5c2c1a') in 0.037737 seconds
  Import took 0.043758 seconds .

========================================================================
Received Import Request.
  Time since last request: 1.352339 seconds.
  path: Assets/Enemies/Prefabs/Veloster.prefab
  artifactKey: Guid(97a9640837918b74dbf980d4d6b4d9bd) Importer(815301076,1909f56bfc062723c751e8b465ee728b)
Start importing Assets/Enemies/Prefabs/Veloster.prefab using Guid(97a9640837918b74dbf980d4d6b4d9bd) Importer(815301076,1909f56bfc062723c751e8b465ee728b)  -> (artifact id: '27291604c773ab6b59f35a446e08551a') in 0.035200 seconds
  Import took 0.039377 seconds .

========================================================================
Received Import Request.
  Time since last request: 53.924649 seconds.
  path: Assets/Enemies/Prefabs/UFO.prefab
  artifactKey: Guid(d15182df7f1effe4287624b1e475652d) Importer(815301076,1909f56bfc062723c751e8b465ee728b)
Start importing Assets/Enemies/Prefabs/UFO.prefab using Guid(d15182df7f1effe4287624b1e475652d) Importer(815301076,1909f56bfc062723c751e8b465ee728b)  -> (artifact id: 'eb88b13cd34d3f1a05b4075220373203') in 0.040779 seconds
  Import took 0.046188 seconds .

========================================================================
Received Import Request.
  Time since last request: 39.314291 seconds.
  path: Assets/Enemies/Prefabs/UFO.prefab
  artifactKey: Guid(d15182df7f1effe4287624b1e475652d) Importer(815301076,1909f56bfc062723c751e8b465ee728b)
Start importing Assets/Enemies/Prefabs/UFO.prefab using Guid(d15182df7f1effe4287624b1e475652d) Importer(815301076,1909f56bfc062723c751e8b465ee728b)  -> (artifact id: '326948047c80a3e15d11024efdcdaee5') in 0.054059 seconds
  Import took 0.058653 seconds .

========================================================================
Received Import Request.
  Time since last request: 9.638997 seconds.
  path: Assets/Enemies/Prefabs/UFO.prefab
  artifactKey: Guid(d15182df7f1effe4287624b1e475652d) Importer(815301076,1909f56bfc062723c751e8b465ee728b)
Start importing Assets/Enemies/Prefabs/UFO.prefab using Guid(d15182df7f1effe4287624b1e475652d) Importer(815301076,1909f56bfc062723c751e8b465ee728b)  -> (artifact id: 'cf6925f917d304b001fec536bd5eacb2') in 0.031015 seconds
  Import took 0.035505 seconds .

========================================================================
Received Import Request.
  Time since last request: 11.880778 seconds.
  path: Assets/Enemies/Prefabs/UFO.prefab
  artifactKey: Guid(d15182df7f1effe4287624b1e475652d) Importer(815301076,1909f56bfc062723c751e8b465ee728b)
Start importing Assets/Enemies/Prefabs/UFO.prefab using Guid(d15182df7f1effe4287624b1e475652d) Importer(815301076,1909f56bfc062723c751e8b465ee728b)  -> (artifact id: 'd9f3367bdb886e206dafef174ef0e114') in 0.034958 seconds
  Import took 0.039986 seconds .

========================================================================
Received Import Request.
  Time since last request: 18.464860 seconds.
  path: Assets/Enemies/Prefabs/UFO.prefab
  artifactKey: Guid(d15182df7f1effe4287624b1e475652d) Importer(815301076,1909f56bfc062723c751e8b465ee728b)
Start importing Assets/Enemies/Prefabs/UFO.prefab using Guid(d15182df7f1effe4287624b1e475652d) Importer(815301076,1909f56bfc062723c751e8b465ee728b)  -> (artifact id: '4d85e895cd4c546ee3926d54144d3101') in 0.028499 seconds
  Import took 0.035478 seconds .

========================================================================
Received Import Request.
  Time since last request: 6.630595 seconds.
  path: Assets/Enemies/Prefabs/UFO.prefab
  artifactKey: Guid(d15182df7f1effe4287624b1e475652d) Importer(815301076,1909f56bfc062723c751e8b465ee728b)
Start importing Assets/Enemies/Prefabs/UFO.prefab using Guid(d15182df7f1effe4287624b1e475652d) Importer(815301076,1909f56bfc062723c751e8b465ee728b)  -> (artifact id: '646561ed40d9fbda2cc88cb58709a40c') in 0.030611 seconds
  Import took 0.037552 seconds .

========================================================================
Received Prepare
Registering precompiled user dll's ...
Registered in 0.004283 seconds.
Begin MonoManager ReloadAssembly
Native extension for WindowsStandalone target not found
Refreshing native plugins compatible for Editor in 0.41 ms, found 2 plugins.
Preloading 0 native plugins for Editor in 0.00 ms.
Mono: successfully reloaded assembly
- Completed reload, in  1.127 seconds
Platform modules already initialized, skipping
Switching build target platform(19) subTarget(0) extendedPlatform(0) -> platform(13) subTarget(524288) extendedPlatform(0)
Refreshing native plugins compatible for Editor in 0.65 ms, found 2 plugins.
Preloading 0 native plugins for Editor in 0.00 ms.
Unloading 1803 Unused Serialized files (Serialized files now loaded: 0)
System memory in use before: 95.6 MB.
System memory in use after: 95.7 MB.

Unloading 16 unused Assets to reduce memory usage. Loaded Objects now: 2300.
Total: 2.354600 ms (FindLiveObjects: 0.244500 ms CreateObjectMapping: 0.074000 ms MarkObjects: 1.940900 ms  DeleteObjects: 0.094100 ms)

AssetImportParameters requested are different than current active one (requested -> active):
  custom:graphics/normal-map-encoding: 01000000000000000000000000000000 -> 02000000000000000000000000000000
========================================================================
Received Prepare
Registering precompiled user dll's ...
Registered in 0.004140 seconds.
Begin MonoManager ReloadAssembly
Native extension for WindowsStandalone target not found
Refreshing native plugins compatible for Editor in 0.86 ms, found 2 plugins.
Preloading 0 native plugins for Editor in 0.00 ms.
Mono: successfully reloaded assembly
- Completed reload, in  1.207 seconds
Platform modules already initialized, skipping
Switching build target platform(19) subTarget(0) extendedPlatform(0) -> platform(13) subTarget(524288) extendedPlatform(0)
Refreshing native plugins compatible for Editor in 0.57 ms, found 2 plugins.
Preloading 0 native plugins for Editor in 0.00 ms.
Unloading 1803 Unused Serialized files (Serialized files now loaded: 0)
System memory in use before: 95.6 MB.
System memory in use after: 95.7 MB.

Unloading 16 unused Assets to reduce memory usage. Loaded Objects now: 2304.
Total: 2.347700 ms (FindLiveObjects: 0.194200 ms CreateObjectMapping: 0.064000 ms MarkObjects: 2.027300 ms  DeleteObjects: 0.061400 ms)

AssetImportParameters requested are different than current active one (requested -> active):
  custom:graphics/normal-map-encoding: 01000000000000000000000000000000 -> 02000000000000000000000000000000
========================================================================
Received Prepare
Registering precompiled user dll's ...
Registered in 0.005419 seconds.
Begin MonoManager ReloadAssembly
Native extension for WindowsStandalone target not found
Refreshing native plugins compatible for Editor in 0.58 ms, found 2 plugins.
Preloading 0 native plugins for Editor in 0.00 ms.
Mono: successfully reloaded assembly
- Completed reload, in  1.245 seconds
Platform modules already initialized, skipping
Switching build target platform(19) subTarget(0) extendedPlatform(0) -> platform(13) subTarget(524288) extendedPlatform(0)
Refreshing native plugins compatible for Editor in 1.11 ms, found 2 plugins.
Preloading 0 native plugins for Editor in 0.00 ms.
Unloading 1803 Unused Serialized files (Serialized files now loaded: 0)
System memory in use before: 95.6 MB.
System memory in use after: 95.7 MB.

Unloading 16 unused Assets to reduce memory usage. Loaded Objects now: 2308.
Total: 2.685000 ms (FindLiveObjects: 0.169300 ms CreateObjectMapping: 0.052000 ms MarkObjects: 2.315000 ms  DeleteObjects: 0.146300 ms)

AssetImportParameters requested are different than current active one (requested -> active):
  custom:graphics/normal-map-encoding: 01000000000000000000000000000000 -> 02000000000000000000000000000000
========================================================================
Received Prepare
Registering precompiled user dll's ...
Registered in 0.004072 seconds.
Begin MonoManager ReloadAssembly
Native extension for WindowsStandalone target not found
Refreshing native plugins compatible for Editor in 0.46 ms, found 2 plugins.
Preloading 0 native plugins for Editor in 0.00 ms.
Mono: successfully reloaded assembly
- Completed reload, in  1.227 seconds
Platform modules already initialized, skipping
Switching build target platform(19) subTarget(0) extendedPlatform(0) -> platform(13) subTarget(524288) extendedPlatform(0)
Refreshing native plugins compatible for Editor in 0.42 ms, found 2 plugins.
Preloading 0 native plugins for Editor in 0.00 ms.
Unloading 1803 Unused Serialized files (Serialized files now loaded: 0)
System memory in use before: 95.6 MB.
System memory in use after: 95.7 MB.

Unloading 16 unused Assets to reduce memory usage. Loaded Objects now: 2312.
Total: 2.845100 ms (FindLiveObjects: 0.219200 ms CreateObjectMapping: 0.055200 ms MarkObjects: 2.490100 ms  DeleteObjects: 0.079500 ms)

AssetImportParameters requested are different than current active one (requested -> active):
  custom:graphics/normal-map-encoding: 01000000000000000000000000000000 -> 02000000000000000000000000000000
========================================================================
Received Prepare
Registering precompiled user dll's ...
Registered in 0.009863 seconds.
Begin MonoManager ReloadAssembly
Native extension for WindowsStandalone target not found
Refreshing native plugins compatible for Editor in 0.43 ms, found 2 plugins.
Preloading 0 native plugins for Editor in 0.00 ms.
Mono: successfully reloaded assembly
- Completed reload, in  1.144 seconds
Platform modules already initialized, skipping
Switching build target platform(19) subTarget(0) extendedPlatform(0) -> platform(13) subTarget(524288) extendedPlatform(0)
Refreshing native plugins compatible for Editor in 0.41 ms, found 2 plugins.
Preloading 0 native plugins for Editor in 0.00 ms.
Unloading 1803 Unused Serialized files (Serialized files now loaded: 0)
System memory in use before: 95.6 MB.
System memory in use after: 95.7 MB.

Unloading 16 unused Assets to reduce memory usage. Loaded Objects now: 2316.
Total: 2.336800 ms (FindLiveObjects: 0.237000 ms CreateObjectMapping: 0.064900 ms MarkObjects: 1.969800 ms  DeleteObjects: 0.063900 ms)

AssetImportParameters requested are different than current active one (requested -> active):
  custom:graphics/normal-map-encoding: 01000000000000000000000000000000 -> 02000000000000000000000000000000
========================================================================
Received Prepare
Registering precompiled user dll's ...
Registered in 0.005195 seconds.
Begin MonoManager ReloadAssembly
Native extension for WindowsStandalone target not found
Refreshing native plugins compatible for Editor in 0.43 ms, found 2 plugins.
Preloading 0 native plugins for Editor in 0.00 ms.
Mono: successfully reloaded assembly
- Completed reload, in  1.118 seconds
Platform modules already initialized, skipping
Switching build target platform(19) subTarget(0) extendedPlatform(0) -> platform(13) subTarget(524288) extendedPlatform(0)
Refreshing native plugins compatible for Editor in 0.41 ms, found 2 plugins.
Preloading 0 native plugins for Editor in 0.00 ms.
Unloading 1803 Unused Serialized files (Serialized files now loaded: 0)
System memory in use before: 95.6 MB.
System memory in use after: 95.7 MB.

Unloading 16 unused Assets to reduce memory usage. Loaded Objects now: 2320.
Total: 2.430600 ms (FindLiveObjects: 0.196700 ms CreateObjectMapping: 0.084700 ms MarkObjects: 2.059100 ms  DeleteObjects: 0.089100 ms)

AssetImportParameters requested are different than current active one (requested -> active):
  custom:graphics/normal-map-encoding: 01000000000000000000000000000000 -> 02000000000000000000000000000000
========================================================================
Received Import Request.
  Time since last request: 771.256639 seconds.
  path: Assets/Enemies/Prefabs/Veloster.prefab
  artifactKey: Guid(97a9640837918b74dbf980d4d6b4d9bd) Importer(815301076,1909f56bfc062723c751e8b465ee728b)
Start importing Assets/Enemies/Prefabs/Veloster.prefab using Guid(97a9640837918b74dbf980d4d6b4d9bd) Importer(815301076,1909f56bfc062723c751e8b465ee728b)  -> (artifact id: 'c65173d8fae98df79c92d4b8973bc358') in 0.098273 seconds
  Import took 0.102747 seconds .

========================================================================
Received Import Request.
  Time since last request: 17.735679 seconds.
  path: Assets/Enemies/Prefabs/Veloster.prefab
  artifactKey: Guid(97a9640837918b74dbf980d4d6b4d9bd) Importer(815301076,1909f56bfc062723c751e8b465ee728b)
Start importing Assets/Enemies/Prefabs/Veloster.prefab using Guid(97a9640837918b74dbf980d4d6b4d9bd) Importer(815301076,1909f56bfc062723c751e8b465ee728b)  -> (artifact id: '8e96ff8e7e64d9cea9557ee1c6b4c0eb') in 0.052037 seconds
  Import took 0.056442 seconds .

========================================================================
Received Prepare
Registering precompiled user dll's ...
Registered in 0.003650 seconds.
Begin MonoManager ReloadAssembly
Native extension for WindowsStandalone target not found
Refreshing native plugins compatible for Editor in 0.44 ms, found 2 plugins.
Preloading 0 native plugins for Editor in 0.00 ms.
Mono: successfully reloaded assembly
- Completed reload, in  1.142 seconds
Platform modules already initialized, skipping
Switching build target platform(19) subTarget(0) extendedPlatform(0) -> platform(13) subTarget(524288) extendedPlatform(0)
Refreshing native plugins compatible for Editor in 0.43 ms, found 2 plugins.
Preloading 0 native plugins for Editor in 0.00 ms.
Unloading 1803 Unused Serialized files (Serialized files now loaded: 0)
System memory in use before: 95.6 MB.
System memory in use after: 95.7 MB.

Unloading 16 unused Assets to reduce memory usage. Loaded Objects now: 2325.
Total: 3.851600 ms (FindLiveObjects: 0.897300 ms CreateObjectMapping: 0.212800 ms MarkObjects: 2.651100 ms  DeleteObjects: 0.088400 ms)

AssetImportParameters requested are different than current active one (requested -> active):
  custom:graphics/normal-map-encoding: 01000000000000000000000000000000 -> 02000000000000000000000000000000
========================================================================
Received Prepare
Registering precompiled user dll's ...
Registered in 0.008014 seconds.
Begin MonoManager ReloadAssembly
Native extension for WindowsStandalone target not found
Refreshing native plugins compatible for Editor in 0.45 ms, found 2 plugins.
Preloading 0 native plugins for Editor in 0.00 ms.
Mono: successfully reloaded assembly
- Completed reload, in  1.109 seconds
Platform modules already initialized, skipping
Switching build target platform(19) subTarget(0) extendedPlatform(0) -> platform(13) subTarget(524288) extendedPlatform(0)
Refreshing native plugins compatible for Editor in 0.41 ms, found 2 plugins.
Preloading 0 native plugins for Editor in 0.00 ms.
Unloading 1803 Unused Serialized files (Serialized files now loaded: 0)
System memory in use before: 95.6 MB.
System memory in use after: 95.7 MB.

Unloading 16 unused Assets to reduce memory usage. Loaded Objects now: 2329.
Total: 2.257500 ms (FindLiveObjects: 0.182400 ms CreateObjectMapping: 0.050600 ms MarkObjects: 1.940100 ms  DeleteObjects: 0.083600 ms)

AssetImportParameters requested are different than current active one (requested -> active):
  custom:graphics/normal-map-encoding: 01000000000000000000000000000000 -> 02000000000000000000000000000000
========================================================================
Received Prepare
Registering precompiled user dll's ...
Registered in 0.006233 seconds.
Begin MonoManager ReloadAssembly
Native extension for WindowsStandalone target not found
Refreshing native plugins compatible for Editor in 0.45 ms, found 2 plugins.
Preloading 0 native plugins for Editor in 0.00 ms.
Mono: successfully reloaded assembly
- Completed reload, in  1.216 seconds
Platform modules already initialized, skipping
Switching build target platform(19) subTarget(0) extendedPlatform(0) -> platform(13) subTarget(524288) extendedPlatform(0)
Refreshing native plugins compatible for Editor in 0.49 ms, found 2 plugins.
Preloading 0 native plugins for Editor in 0.00 ms.
Unloading 1803 Unused Serialized files (Serialized files now loaded: 0)
System memory in use before: 95.6 MB.
System memory in use after: 95.7 MB.

Unloading 16 unused Assets to reduce memory usage. Loaded Objects now: 2333.
Total: 3.407900 ms (FindLiveObjects: 0.231500 ms CreateObjectMapping: 0.067200 ms MarkObjects: 3.001900 ms  DeleteObjects: 0.106100 ms)

AssetImportParameters requested are different than current active one (requested -> active):
  custom:graphics/normal-map-encoding: 01000000000000000000000000000000 -> 02000000000000000000000000000000
========================================================================
Received Prepare
Registering precompiled user dll's ...
Registered in 0.003778 seconds.
Begin MonoManager ReloadAssembly
Native extension for WindowsStandalone target not found
Refreshing native plugins compatible for Editor in 0.42 ms, found 2 plugins.
Preloading 0 native plugins for Editor in 0.00 ms.
Mono: successfully reloaded assembly
- Completed reload, in  1.128 seconds
Platform modules already initialized, skipping
Switching build target platform(19) subTarget(0) extendedPlatform(0) -> platform(13) subTarget(524288) extendedPlatform(0)
Refreshing native plugins compatible for Editor in 0.39 ms, found 2 plugins.
Preloading 0 native plugins for Editor in 0.00 ms.
Unloading 1803 Unused Serialized files (Serialized files now loaded: 0)
System memory in use before: 95.7 MB.
System memory in use after: 95.7 MB.

Unloading 16 unused Assets to reduce memory usage. Loaded Objects now: 2337.
Total: 2.411900 ms (FindLiveObjects: 0.230500 ms CreateObjectMapping: 0.063900 ms MarkObjects: 2.033000 ms  DeleteObjects: 0.083600 ms)

AssetImportParameters requested are different than current active one (requested -> active):
  custom:graphics/normal-map-encoding: 01000000000000000000000000000000 -> 02000000000000000000000000000000
========================================================================
Received Import Request.
  Time since last request: 300.338247 seconds.
  path: Assets/Enemies/Prefabs/UFO.prefab
  artifactKey: Guid(d15182df7f1effe4287624b1e475652d) Importer(815301076,1909f56bfc062723c751e8b465ee728b)
Start importing Assets/Enemies/Prefabs/UFO.prefab using Guid(d15182df7f1effe4287624b1e475652d) Importer(815301076,1909f56bfc062723c751e8b465ee728b)  -> (artifact id: 'a8fb03d81b9fda9cc6d4b8ed9a98ad29') in 0.066528 seconds
  Import took 0.072515 seconds .

========================================================================
Received Import Request.
  Time since last request: 2.159908 seconds.
  path: Assets/Enemies/Prefabs/Veloster.prefab
  artifactKey: Guid(97a9640837918b74dbf980d4d6b4d9bd) Importer(815301076,1909f56bfc062723c751e8b465ee728b)
Start importing Assets/Enemies/Prefabs/Veloster.prefab using Guid(97a9640837918b74dbf980d4d6b4d9bd) Importer(815301076,1909f56bfc062723c751e8b465ee728b)  -> (artifact id: 'ae09f4e91df090f00ef3d0734e07a9ad') in 0.049490 seconds
  Import took 0.053983 seconds .

========================================================================
Received Prepare
Registering precompiled user dll's ...
Registered in 0.008967 seconds.
Begin MonoManager ReloadAssembly
Native extension for WindowsStandalone target not found
Refreshing native plugins compatible for Editor in 0.53 ms, found 2 plugins.
Preloading 0 native plugins for Editor in 0.00 ms.
Mono: successfully reloaded assembly
- Completed reload, in  1.345 seconds
Platform modules already initialized, skipping
Switching build target platform(19) subTarget(0) extendedPlatform(0) -> platform(13) subTarget(524288) extendedPlatform(0)
Refreshing native plugins compatible for Editor in 0.46 ms, found 2 plugins.
Preloading 0 native plugins for Editor in 0.00 ms.
Unloading 1803 Unused Serialized files (Serialized files now loaded: 0)
System memory in use before: 95.7 MB.
System memory in use after: 95.7 MB.

Unloading 16 unused Assets to reduce memory usage. Loaded Objects now: 2342.
Total: 2.728500 ms (FindLiveObjects: 0.230300 ms CreateObjectMapping: 0.065000 ms MarkObjects: 2.354300 ms  DeleteObjects: 0.077700 ms)

AssetImportParameters requested are different than current active one (requested -> active):
  custom:graphics/normal-map-encoding: 01000000000000000000000000000000 -> 02000000000000000000000000000000
========================================================================
Received Prepare
Registering precompiled user dll's ...
Registered in 0.003739 seconds.
Begin MonoManager ReloadAssembly
Native extension for WindowsStandalone target not found
Refreshing native plugins compatible for Editor in 0.38 ms, found 2 plugins.
Preloading 0 native plugins for Editor in 0.00 ms.
Mono: successfully reloaded assembly
- Completed reload, in  1.073 seconds
Platform modules already initialized, skipping
Switching build target platform(19) subTarget(0) extendedPlatform(0) -> platform(13) subTarget(524288) extendedPlatform(0)
Refreshing native plugins compatible for Editor in 0.41 ms, found 2 plugins.
Preloading 0 native plugins for Editor in 0.00 ms.
Unloading 1803 Unused Serialized files (Serialized files now loaded: 0)
System memory in use before: 95.7 MB.
System memory in use after: 95.7 MB.

Unloading 16 unused Assets to reduce memory usage. Loaded Objects now: 2346.
Total: 4.632900 ms (FindLiveObjects: 0.229900 ms CreateObjectMapping: 0.084400 ms MarkObjects: 4.196500 ms  DeleteObjects: 0.119700 ms)

AssetImportParameters requested are different than current active one (requested -> active):
  custom:graphics/normal-map-encoding: 01000000000000000000000000000000 -> 02000000000000000000000000000000
========================================================================
Received Import Request.
  Time since last request: 276.544645 seconds.
  path: Assets/Items/Models/Balloon_Blue.fbx
  artifactKey: Guid(2b41056c0bf034f3982c88e47da6c313) Importer(815301076,1909f56bfc062723c751e8b465ee728b)
Start importing Assets/Items/Models/Balloon_Blue.fbx using Guid(2b41056c0bf034f3982c88e47da6c313) Importer(815301076,1909f56bfc062723c751e8b465ee728b)  -> (artifact id: '5b86e4999191b0769770de89c8dba12d') in 0.240833 seconds
  Import took 0.244629 seconds .

========================================================================
Received Prepare
Registering precompiled user dll's ...
Registered in 0.005454 seconds.
Begin MonoManager ReloadAssembly
Native extension for WindowsStandalone target not found
Refreshing native plugins compatible for Editor in 0.47 ms, found 2 plugins.
Preloading 0 native plugins for Editor in 0.00 ms.
Mono: successfully reloaded assembly
- Completed reload, in  1.200 seconds
Platform modules already initialized, skipping
Switching build target platform(19) subTarget(0) extendedPlatform(0) -> platform(13) subTarget(524288) extendedPlatform(0)
Refreshing native plugins compatible for Editor in 0.52 ms, found 2 plugins.
Preloading 0 native plugins for Editor in 0.00 ms.
Unloading 1803 Unused Serialized files (Serialized files now loaded: 0)
System memory in use before: 96.0 MB.
System memory in use after: 96.1 MB.

Unloading 16 unused Assets to reduce memory usage. Loaded Objects now: 2387.
Total: 2.539200 ms (FindLiveObjects: 0.216000 ms CreateObjectMapping: 0.069300 ms MarkObjects: 2.188900 ms  DeleteObjects: 0.064200 ms)

AssetImportParameters requested are different than current active one (requested -> active):
  custom:graphics/normal-map-encoding: 01000000000000000000000000000000 -> 02000000000000000000000000000000
========================================================================
Received Prepare
Registering precompiled user dll's ...
Registered in 0.010514 seconds.
Begin MonoManager ReloadAssembly
Native extension for WindowsStandalone target not found
Refreshing native plugins compatible for Editor in 0.51 ms, found 2 plugins.
Preloading 0 native plugins for Editor in 0.00 ms.
Mono: successfully reloaded assembly
- Completed reload, in  1.739 seconds
Platform modules already initialized, skipping
Switching build target platform(19) subTarget(0) extendedPlatform(0) -> platform(13) subTarget(524288) extendedPlatform(0)
Refreshing native plugins compatible for Editor in 0.52 ms, found 2 plugins.
Preloading 0 native plugins for Editor in 0.00 ms.
Unloading 1803 Unused Serialized files (Serialized files now loaded: 0)
System memory in use before: 96.0 MB.
System memory in use after: 96.1 MB.

Unloading 16 unused Assets to reduce memory usage. Loaded Objects now: 2391.
Total: 2.533100 ms (FindLiveObjects: 0.314100 ms CreateObjectMapping: 0.123000 ms MarkObjects: 2.005700 ms  DeleteObjects: 0.089400 ms)

AssetImportParameters requested are different than current active one (requested -> active):
  custom:graphics/normal-map-encoding: 01000000000000000000000000000000 -> 02000000000000000000000000000000
========================================================================
Received Prepare
Registering precompiled user dll's ...
Registered in 0.144512 seconds.
Begin MonoManager ReloadAssembly
Native extension for WindowsStandalone target not found
Refreshing native plugins compatible for Editor in 9.82 ms, found 2 plugins.
Preloading 0 native plugins for Editor in 0.00 ms.
Mono: successfully reloaded assembly
- Completed reload, in  9.019 seconds
Platform modules already initialized, skipping
Switching build target platform(19) subTarget(0) extendedPlatform(0) -> platform(13) subTarget(524288) extendedPlatform(0)
Refreshing native plugins compatible for Editor in 6.24 ms, found 2 plugins.
Preloading 0 native plugins for Editor in 0.00 ms.
Unloading 1803 Unused Serialized files (Serialized files now loaded: 0)
System memory in use before: 96.0 MB.
System memory in use after: 96.1 MB.

Unloading 16 unused Assets to reduce memory usage. Loaded Objects now: 2395.
Total: 7.797200 ms (FindLiveObjects: 0.900900 ms CreateObjectMapping: 0.174300 ms MarkObjects: 6.528800 ms  DeleteObjects: 0.190700 ms)

AssetImportParameters requested are different than current active one (requested -> active):
  custom:graphics/normal-map-encoding: 01000000000000000000000000000000 -> 02000000000000000000000000000000
========================================================================
Received Prepare
Registering precompiled user dll's ...
Registered in 0.012418 seconds.
Begin MonoManager ReloadAssembly
Native extension for WindowsStandalone target not found
Refreshing native plugins compatible for Editor in 0.49 ms, found 2 plugins.
Preloading 0 native plugins for Editor in 0.00 ms.
Mono: successfully reloaded assembly
- Completed reload, in  2.767 seconds
Platform modules already initialized, skipping
Switching build target platform(19) subTarget(0) extendedPlatform(0) -> platform(13) subTarget(524288) extendedPlatform(0)
Refreshing native plugins compatible for Editor in 0.47 ms, found 2 plugins.
Preloading 0 native plugins for Editor in 0.00 ms.
Unloading 1803 Unused Serialized files (Serialized files now loaded: 0)
System memory in use before: 96.0 MB.
System memory in use after: 96.1 MB.

Unloading 16 unused Assets to reduce memory usage. Loaded Objects now: 2399.
Total: 3.833300 ms (FindLiveObjects: 0.246800 ms CreateObjectMapping: 0.074700 ms MarkObjects: 3.169900 ms  DeleteObjects: 0.338200 ms)

AssetImportParameters requested are different than current active one (requested -> active):
  custom:graphics/normal-map-encoding: 01000000000000000000000000000000 -> 02000000000000000000000000000000
========================================================================
Received Prepare
Registering precompiled user dll's ...
Registered in 0.010186 seconds.
Begin MonoManager ReloadAssembly
Native extension for WindowsStandalone target not found
Refreshing native plugins compatible for Editor in 5.52 ms, found 2 plugins.
Preloading 0 native plugins for Editor in 0.00 ms.
Mono: successfully reloaded assembly
- Completed reload, in  3.758 seconds
Platform modules already initialized, skipping
Switching build target platform(19) subTarget(0) extendedPlatform(0) -> platform(13) subTarget(524288) extendedPlatform(0)
Refreshing native plugins compatible for Editor in 0.51 ms, found 2 plugins.
Preloading 0 native plugins for Editor in 0.00 ms.
Unloading 1803 Unused Serialized files (Serialized files now loaded: 0)
System memory in use before: 96.0 MB.
System memory in use after: 96.1 MB.

Unloading 16 unused Assets to reduce memory usage. Loaded Objects now: 2403.
Total: 5.077200 ms (FindLiveObjects: 0.564900 ms CreateObjectMapping: 0.185300 ms MarkObjects: 4.120500 ms  DeleteObjects: 0.167000 ms)

AssetImportParameters requested are different than current active one (requested -> active):
  custom:graphics/normal-map-encoding: 01000000000000000000000000000000 -> 02000000000000000000000000000000
========================================================================
Received Import Request.
  Time since last request: 360.597285 seconds.
  path: Assets/Enemies/Prefabs/UFO.prefab
  artifactKey: Guid(d15182df7f1effe4287624b1e475652d) Importer(815301076,1909f56bfc062723c751e8b465ee728b)
Start importing Assets/Enemies/Prefabs/UFO.prefab using Guid(d15182df7f1effe4287624b1e475652d) Importer(815301076,1909f56bfc062723c751e8b465ee728b)  -> (artifact id: '0c9a3970d47468125b920a0ae9dec063') in 0.182428 seconds
  Import took 0.189789 seconds .

========================================================================
Received Import Request.
  Time since last request: 3.709112 seconds.
  path: Assets/Enemies/Prefabs/Veloster.prefab
  artifactKey: Guid(97a9640837918b74dbf980d4d6b4d9bd) Importer(815301076,1909f56bfc062723c751e8b465ee728b)
Start importing Assets/Enemies/Prefabs/Veloster.prefab using Guid(97a9640837918b74dbf980d4d6b4d9bd) Importer(815301076,1909f56bfc062723c751e8b465ee728b)  -> (artifact id: '0ef3b0f60c3c802542343e39603848d5') in 0.166514 seconds
  Import took 0.178282 seconds .

========================================================================
Received Prepare
Registering precompiled user dll's ...
Registered in 0.004777 seconds.
Begin MonoManager ReloadAssembly
Native extension for WindowsStandalone target not found
Refreshing native plugins compatible for Editor in 0.86 ms, found 2 plugins.
Preloading 0 native plugins for Editor in 0.00 ms.
Mono: successfully reloaded assembly
- Completed reload, in  3.031 seconds
Platform modules already initialized, skipping
Switching build target platform(19) subTarget(0) extendedPlatform(0) -> platform(13) subTarget(524288) extendedPlatform(0)
Refreshing native plugins compatible for Editor in 0.96 ms, found 2 plugins.
Preloading 0 native plugins for Editor in 0.00 ms.
Unloading 1803 Unused Serialized files (Serialized files now loaded: 0)
System memory in use before: 96.1 MB.
System memory in use after: 96.1 MB.

Unloading 16 unused Assets to reduce memory usage. Loaded Objects now: 2408.
Total: 10.849400 ms (FindLiveObjects: 0.413000 ms CreateObjectMapping: 0.149300 ms MarkObjects: 10.057100 ms  DeleteObjects: 0.227400 ms)

AssetImportParameters requested are different than current active one (requested -> active):
  custom:graphics/normal-map-encoding: 01000000000000000000000000000000 -> 02000000000000000000000000000000
========================================================================
Received Prepare
Registering precompiled user dll's ...
Registered in 0.011015 seconds.
Begin MonoManager ReloadAssembly
Native extension for WindowsStandalone target not found
Refreshing native plugins compatible for Editor in 0.66 ms, found 2 plugins.
Preloading 0 native plugins for Editor in 0.00 ms.
Mono: successfully reloaded assembly
- Completed reload, in  2.869 seconds
Platform modules already initialized, skipping
Switching build target platform(19) subTarget(0) extendedPlatform(0) -> platform(13) subTarget(524288) extendedPlatform(0)
Refreshing native plugins compatible for Editor in 1.24 ms, found 2 plugins.
Preloading 0 native plugins for Editor in 0.00 ms.
Unloading 1803 Unused Serialized files (Serialized files now loaded: 0)
System memory in use before: 96.1 MB.
System memory in use after: 96.1 MB.

Unloading 16 unused Assets to reduce memory usage. Loaded Objects now: 2412.
Total: 11.627900 ms (FindLiveObjects: 1.352300 ms CreateObjectMapping: 0.784800 ms MarkObjects: 9.394200 ms  DeleteObjects: 0.092700 ms)

AssetImportParameters requested are different than current active one (requested -> active):
  custom:graphics/normal-map-encoding: 01000000000000000000000000000000 -> 02000000000000000000000000000000
========================================================================
Received Prepare
Registering precompiled user dll's ...
Registered in 0.014687 seconds.
Begin MonoManager ReloadAssembly
Native extension for WindowsStandalone target not found
Refreshing native plugins compatible for Editor in 1.03 ms, found 2 plugins.
Preloading 0 native plugins for Editor in 0.00 ms.
Mono: successfully reloaded assembly
- Completed reload, in  1.781 seconds
Platform modules already initialized, skipping
Switching build target platform(19) subTarget(0) extendedPlatform(0) -> platform(13) subTarget(524288) extendedPlatform(0)
Refreshing native plugins compatible for Editor in 0.48 ms, found 2 plugins.
Preloading 0 native plugins for Editor in 0.00 ms.
Unloading 1803 Unused Serialized files (Serialized files now loaded: 0)
System memory in use before: 96.1 MB.
System memory in use after: 96.1 MB.

Unloading 16 unused Assets to reduce memory usage. Loaded Objects now: 2416.
Total: 4.278800 ms (FindLiveObjects: 0.707300 ms CreateObjectMapping: 0.234000 ms MarkObjects: 3.255300 ms  DeleteObjects: 0.079600 ms)

AssetImportParameters requested are different than current active one (requested -> active):
  custom:graphics/normal-map-encoding: 01000000000000000000000000000000 -> 02000000000000000000000000000000
========================================================================
Received Prepare
Registering precompiled user dll's ...
Registered in 0.007799 seconds.
Begin MonoManager ReloadAssembly
Native extension for WindowsStandalone target not found
Refreshing native plugins compatible for Editor in 0.48 ms, found 2 plugins.
Preloading 0 native plugins for Editor in 0.00 ms.
Mono: successfully reloaded assembly
- Completed reload, in  1.582 seconds
Platform modules already initialized, skipping
Switching build target platform(19) subTarget(0) extendedPlatform(0) -> platform(13) subTarget(524288) extendedPlatform(0)
Refreshing native plugins compatible for Editor in 0.50 ms, found 2 plugins.
Preloading 0 native plugins for Editor in 0.00 ms.
Unloading 1803 Unused Serialized files (Serialized files now loaded: 0)
System memory in use before: 96.1 MB.
System memory in use after: 96.1 MB.

Unloading 16 unused Assets to reduce memory usage. Loaded Objects now: 2420.
Total: 2.599200 ms (FindLiveObjects: 0.229600 ms CreateObjectMapping: 0.063500 ms MarkObjects: 2.241800 ms  DeleteObjects: 0.063500 ms)

AssetImportParameters requested are different than current active one (requested -> active):
  custom:graphics/normal-map-encoding: 01000000000000000000000000000000 -> 02000000000000000000000000000000
========================================================================
Received Prepare
Registering precompiled user dll's ...
Registered in 0.003960 seconds.
Begin MonoManager ReloadAssembly
Native extension for WindowsStandalone target not found
Refreshing native plugins compatible for Editor in 0.45 ms, found 2 plugins.
Preloading 0 native plugins for Editor in 0.00 ms.
Mono: successfully reloaded assembly
- Completed reload, in  1.349 seconds
Platform modules already initialized, skipping
Switching build target platform(19) subTarget(0) extendedPlatform(0) -> platform(13) subTarget(524288) extendedPlatform(0)
Refreshing native plugins compatible for Editor in 0.43 ms, found 2 plugins.
Preloading 0 native plugins for Editor in 0.00 ms.
Unloading 1803 Unused Serialized files (Serialized files now loaded: 0)
System memory in use before: 96.1 MB.
System memory in use after: 96.2 MB.

Unloading 16 unused Assets to reduce memory usage. Loaded Objects now: 2424.
Total: 2.525300 ms (FindLiveObjects: 0.407400 ms CreateObjectMapping: 0.056700 ms MarkObjects: 2.001300 ms  DeleteObjects: 0.059000 ms)

AssetImportParameters requested are different than current active one (requested -> active):
  custom:graphics/normal-map-encoding: 01000000000000000000000000000000 -> 02000000000000000000000000000000
========================================================================
Received Import Request.
  Time since last request: 376.351067 seconds.
  path: Assets/Enemies/Prefabs/UFO.prefab
  artifactKey: Guid(d15182df7f1effe4287624b1e475652d) Importer(815301076,1909f56bfc062723c751e8b465ee728b)
Start importing Assets/Enemies/Prefabs/UFO.prefab using Guid(d15182df7f1effe4287624b1e475652d) Importer(815301076,1909f56bfc062723c751e8b465ee728b)  -> (artifact id: 'c097fdff65e30b1ff9a1767df940bb90') in 0.136668 seconds
  Import took 0.144045 seconds .

========================================================================
Received Import Request.
  Time since last request: 10.214448 seconds.
  path: Assets/Enemies/Prefabs/UFO.prefab
  artifactKey: Guid(d15182df7f1effe4287624b1e475652d) Importer(815301076,1909f56bfc062723c751e8b465ee728b)
Start importing Assets/Enemies/Prefabs/UFO.prefab using Guid(d15182df7f1effe4287624b1e475652d) Importer(815301076,1909f56bfc062723c751e8b465ee728b)  -> (artifact id: '9bb872f2e5b05869cae328fc93df65f1') in 0.041213 seconds
  Import took 0.050607 seconds .

========================================================================
Received Prepare
Registering precompiled user dll's ...
Registered in 0.005172 seconds.
Begin MonoManager ReloadAssembly
Native extension for WindowsStandalone target not found
Refreshing native plugins compatible for Editor in 0.56 ms, found 2 plugins.
Preloading 0 native plugins for Editor in 0.00 ms.
Mono: successfully reloaded assembly
- Completed reload, in  1.779 seconds
Platform modules already initialized, skipping
Switching build target platform(19) subTarget(0) extendedPlatform(0) -> platform(13) subTarget(524288) extendedPlatform(0)
Refreshing native plugins compatible for Editor in 0.80 ms, found 2 plugins.
Preloading 0 native plugins for Editor in 0.00 ms.
Unloading 1803 Unused Serialized files (Serialized files now loaded: 0)
System memory in use before: 96.3 MB.
System memory in use after: 96.4 MB.

Unloading 16 unused Assets to reduce memory usage. Loaded Objects now: 2429.
Total: 2.764800 ms (FindLiveObjects: 0.367900 ms CreateObjectMapping: 0.097100 ms MarkObjects: 2.227200 ms  DeleteObjects: 0.071500 ms)

AssetImportParameters requested are different than current active one (requested -> active):
  custom:graphics/normal-map-encoding: 01000000000000000000000000000000 -> 02000000000000000000000000000000
========================================================================
Received Prepare
Registering precompiled user dll's ...
Registered in 0.004825 seconds.
Begin MonoManager ReloadAssembly
Native extension for WindowsStandalone target not found
Refreshing native plugins compatible for Editor in 0.56 ms, found 2 plugins.
Preloading 0 native plugins for Editor in 0.00 ms.
Mono: successfully reloaded assembly
- Completed reload, in  1.641 seconds
Platform modules already initialized, skipping
Switching build target platform(19) subTarget(0) extendedPlatform(0) -> platform(13) subTarget(524288) extendedPlatform(0)
Refreshing native plugins compatible for Editor in 0.52 ms, found 2 plugins.
Preloading 0 native plugins for Editor in 0.00 ms.
Unloading 1803 Unused Serialized files (Serialized files now loaded: 0)
System memory in use before: 96.3 MB.
System memory in use after: 96.4 MB.

Unloading 16 unused Assets to reduce memory usage. Loaded Objects now: 2433.
Total: 2.491800 ms (FindLiveObjects: 0.256600 ms CreateObjectMapping: 0.069700 ms MarkObjects: 2.104400 ms  DeleteObjects: 0.060000 ms)

AssetImportParameters requested are different than current active one (requested -> active):
  custom:graphics/normal-map-encoding: 01000000000000000000000000000000 -> 02000000000000000000000000000000
========================================================================
Received Prepare
Registering precompiled user dll's ...
Registered in 0.005297 seconds.
Begin MonoManager ReloadAssembly
Native extension for WindowsStandalone target not found
Refreshing native plugins compatible for Editor in 1.53 ms, found 2 plugins.
Preloading 0 native plugins for Editor in 0.00 ms.
Mono: successfully reloaded assembly
- Completed reload, in  1.363 seconds
Platform modules already initialized, skipping
Switching build target platform(19) subTarget(0) extendedPlatform(0) -> platform(13) subTarget(524288) extendedPlatform(0)
Refreshing native plugins compatible for Editor in 0.61 ms, found 2 plugins.
Preloading 0 native plugins for Editor in 0.00 ms.
Unloading 1803 Unused Serialized files (Serialized files now loaded: 0)
System memory in use before: 96.3 MB.
System memory in use after: 96.4 MB.

Unloading 16 unused Assets to reduce memory usage. Loaded Objects now: 2437.
Total: 2.774500 ms (FindLiveObjects: 0.228200 ms CreateObjectMapping: 0.061100 ms MarkObjects: 2.418600 ms  DeleteObjects: 0.064700 ms)

AssetImportParameters requested are different than current active one (requested -> active):
  custom:graphics/normal-map-encoding: 01000000000000000000000000000000 -> 02000000000000000000000000000000
========================================================================
Received Import Request.
  Time since last request: 137.365673 seconds.
  path: Assets/Enemies/Prefabs/Veloster.prefab
  artifactKey: Guid(97a9640837918b74dbf980d4d6b4d9bd) Importer(815301076,1909f56bfc062723c751e8b465ee728b)
Start importing Assets/Enemies/Prefabs/Veloster.prefab using Guid(97a9640837918b74dbf980d4d6b4d9bd) Importer(815301076,1909f56bfc062723c751e8b465ee728b)  -> (artifact id: '0afa33e8c2d711ca18794c8a25018180') in 0.116876 seconds
  Import took 0.121032 seconds .

========================================================================
Received Prepare
Registering precompiled user dll's ...
Registered in 0.013263 seconds.
Begin MonoManager ReloadAssembly
Native extension for WindowsStandalone target not found
Refreshing native plugins compatible for Editor in 0.52 ms, found 2 plugins.
Preloading 0 native plugins for Editor in 0.00 ms.
Mono: successfully reloaded assembly
- Completed reload, in  1.475 seconds
Platform modules already initialized, skipping
Switching build target platform(19) subTarget(0) extendedPlatform(0) -> platform(13) subTarget(524288) extendedPlatform(0)
Refreshing native plugins compatible for Editor in 0.40 ms, found 2 plugins.
Preloading 0 native plugins for Editor in 0.00 ms.
Unloading 1803 Unused Serialized files (Serialized files now loaded: 0)
System memory in use before: 96.3 MB.
System memory in use after: 96.4 MB.

Unloading 16 unused Assets to reduce memory usage. Loaded Objects now: 2442.
Total: 3.094400 ms (FindLiveObjects: 0.241500 ms CreateObjectMapping: 0.066000 ms MarkObjects: 2.634300 ms  DeleteObjects: 0.150900 ms)

AssetImportParameters requested are different than current active one (requested -> active):
  custom:graphics/normal-map-encoding: 01000000000000000000000000000000 -> 02000000000000000000000000000000
========================================================================
Received Import Request.
  Time since last request: 173.245415 seconds.
  path: ProjectSettings/TagManager.asset
  artifactKey: Guid(00000000000000003000000000000000) Importer(815301076,1909f56bfc062723c751e8b465ee728b)
Start importing ProjectSettings/TagManager.asset using Guid(00000000000000003000000000000000) Importer(815301076,1909f56bfc062723c751e8b465ee728b)  -> (artifact id: '95df672b4aaba54310d34c83eef51bb8') in 0.019591 seconds
  Import took 0.026107 seconds .

========================================================================
Received Import Request.
  Time since last request: 0.003858 seconds.
  path: ProjectSettings/TagManager.asset
  artifactKey: Guid(00000000000000003000000000000000) Importer(815301076,1909f56bfc062723c751e8b465ee728b)
Start importing ProjectSettings/TagManager.asset using Guid(00000000000000003000000000000000) Importer(815301076,1909f56bfc062723c751e8b465ee728b)  -> (artifact id: '95df672b4aaba54310d34c83eef51bb8') in 0.004130 seconds
  Import took 0.011821 seconds .

========================================================================
Received Import Request.
  Time since last request: 15.433421 seconds.
  path: Assets/Enemies/Prefabs/UFO.prefab
  artifactKey: Guid(d15182df7f1effe4287624b1e475652d) Importer(815301076,1909f56bfc062723c751e8b465ee728b)
Start importing Assets/Enemies/Prefabs/UFO.prefab using Guid(d15182df7f1effe4287624b1e475652d) Importer(815301076,1909f56bfc062723c751e8b465ee728b)  -> (artifact id: 'd04c7b43474c43a91406b0ae6e3669c7') in 0.101386 seconds
  Import took 0.113443 seconds .

========================================================================
Received Import Request.
  Time since last request: 2.794446 seconds.
  path: Assets/Enemies/Prefabs/Veloster.prefab
  artifactKey: Guid(97a9640837918b74dbf980d4d6b4d9bd) Importer(815301076,1909f56bfc062723c751e8b465ee728b)
Start importing Assets/Enemies/Prefabs/Veloster.prefab using Guid(97a9640837918b74dbf980d4d6b4d9bd) Importer(815301076,1909f56bfc062723c751e8b465ee728b)  -> (artifact id: 'c826919bb289926e98fbb30540efd878') in 0.068817 seconds
  Import took 0.074491 seconds .

========================================================================
Received Prepare
Registering precompiled user dll's ...
Registered in 0.008204 seconds.
Begin MonoManager ReloadAssembly
Native extension for WindowsStandalone target not found
Refreshing native plugins compatible for Editor in 0.48 ms, found 2 plugins.
Preloading 0 native plugins for Editor in 0.00 ms.
Mono: successfully reloaded assembly
- Completed reload, in  1.644 seconds
Platform modules already initialized, skipping
Switching build target platform(19) subTarget(0) extendedPlatform(0) -> platform(13) subTarget(524288) extendedPlatform(0)
Refreshing native plugins compatible for Editor in 0.40 ms, found 2 plugins.
Preloading 0 native plugins for Editor in 0.00 ms.
Unloading 1803 Unused Serialized files (Serialized files now loaded: 0)
System memory in use before: 96.4 MB.
System memory in use after: 96.4 MB.

Unloading 18 unused Assets to reduce memory usage. Loaded Objects now: 2447.
Total: 4.643400 ms (FindLiveObjects: 0.313500 ms CreateObjectMapping: 0.075800 ms MarkObjects: 4.155000 ms  DeleteObjects: 0.097500 ms)

AssetImportParameters requested are different than current active one (requested -> active):
  custom:graphics/normal-map-encoding: 01000000000000000000000000000000 -> 02000000000000000000000000000000
========================================================================
Received Prepare
Registering precompiled user dll's ...
Registered in 0.004038 seconds.
Begin MonoManager ReloadAssembly
Native extension for WindowsStandalone target not found
Refreshing native plugins compatible for Editor in 0.39 ms, found 2 plugins.
Preloading 0 native plugins for Editor in 0.00 ms.
Mono: successfully reloaded assembly
- Completed reload, in  1.470 seconds
Platform modules already initialized, skipping
Switching build target platform(19) subTarget(0) extendedPlatform(0) -> platform(13) subTarget(524288) extendedPlatform(0)
Refreshing native plugins compatible for Editor in 0.53 ms, found 2 plugins.
Preloading 0 native plugins for Editor in 0.00 ms.
Unloading 1803 Unused Serialized files (Serialized files now loaded: 0)
System memory in use before: 96.4 MB.
System memory in use after: 96.4 MB.

Unloading 16 unused Assets to reduce memory usage. Loaded Objects now: 2451.
Total: 3.191900 ms (FindLiveObjects: 0.226300 ms CreateObjectMapping: 0.116400 ms MarkObjects: 2.737300 ms  DeleteObjects: 0.110600 ms)

AssetImportParameters requested are different than current active one (requested -> active):
  custom:graphics/normal-map-encoding: 01000000000000000000000000000000 -> 02000000000000000000000000000000
AssetImportWorkerClient::OnTransportError - code=2 error=End of file
